2026-03-18 08:23:10,162 [INFO] Activator:176 - 


2026-03-18 08:23:10,170 [INFO] Activator:177 - !SESSION log4j initialized
2026-03-18 08:23:15,855 [INFO] LogOutputStream:77 - [STDOUT_REDIRECT] 
2026-03-18 08:23:18,340 [INFO] ApplicationProperties:184 - Using Application install path: C:\ST\STM32CubeIDE_1.19.0\STM32CubeIDE\plugins\com.st.stm32cube.common.mx_6.15.0.202507011659
2026-03-18 08:23:18,359 [INFO] DbMcusXml:78 - Set database path to: C:\ST\STM32CubeIDE_1.19.0\STM32CubeIDE\plugins\com.st.stm32cube.common.mx_6.15.0.202507011659\\db\/mcu/
2026-03-18 08:23:18,360 [INFO] ApiDb:274 - Set plugin database path to: C:\ST\STM32CubeIDE_1.19.0\STM32CubeIDE\plugins\com.st.stm32cube.common.mx_6.15.0.202507011659\\db\/plugins/boardmanager/
2026-03-18 08:23:18,360 [WARN] ApiDb:259 - Overriding images path with different value:  => C:\ST\STM32CubeIDE_1.19.0\STM32CubeIDE\plugins\com.st.stm32cube.common.mx_6.15.0.202507011659\\db\/plugins/mcufinder/images/
2026-03-18 08:23:18,368 [INFO] ApiDb:250 - Set database path to: C:\Users\LeeJooHo\.stmcufinder\plugins\mcufinder//mcu/
2026-03-18 08:23:18,369 [INFO] DbMcusAds:125 - Set database path to: C:\Users\LeeJooHo\.stmcufinder\plugins\mcufinder//mcu/
2026-03-18 08:23:18,372 [INFO] CrossReferenceDbSqlite:203 - Set database path to: C:\Users\LeeJooHo\.stmcufinder\plugins\mcufinder//mcu/cs/
2026-03-18 08:23:18,493 [INFO] RulesReader:64 - Compatibility file has been processed (317 Rules)
2026-03-18 08:23:18,582 [INFO] DbMcusXml:78 - Set database path to: C:\ST\STM32CubeIDE_1.19.0\STM32CubeIDE\plugins\com.st.stm32cube.common.mx_6.15.0.202507011659\\db\/mcu/
2026-03-18 08:23:18,582 [INFO] ApiDb:274 - Set plugin database path to: C:\ST\STM32CubeIDE_1.19.0\STM32CubeIDE\plugins\com.st.stm32cube.common.mx_6.15.0.202507011659\\db\/plugins/boardmanager/
2026-03-18 08:23:18,582 [INFO] ApiDb:261 - Set plugin images path to: C:\ST\STM32CubeIDE_1.19.0\STM32CubeIDE\plugins\com.st.stm32cube.common.mx_6.15.0.202507011659\\db\/plugins/mcufinder/images/
2026-03-18 08:23:18,582 [WARN] DbFile:41 - Overriding database path with different value: C:\Users\LeeJooHo\.stmcufinder\plugins\mcufinder/ => C:\Users\LeeJooHo\.stmcufinder\plugins\mcufinder
2026-03-18 08:23:18,582 [INFO] ApiDb:250 - Set database path to: C:\Users\LeeJooHo\.stmcufinder\plugins\mcufinder//mcu/
2026-03-18 08:23:18,582 [WARN] DbFile:41 - Overriding database path with different value: C:\Users\LeeJooHo\.stmcufinder\plugins\mcufinder/ => C:\Users\LeeJooHo\.stmcufinder\plugins\mcufinder
2026-03-18 08:23:18,583 [INFO] DbMcusAds:125 - Set database path to: C:\Users\LeeJooHo\.stmcufinder\plugins\mcufinder//mcu/
2026-03-18 08:23:18,583 [WARN] DbFile:41 - Overriding database path with different value: C:\Users\LeeJooHo\.stmcufinder\plugins\mcufinder/ => C:\Users\LeeJooHo\.stmcufinder\plugins\mcufinder
2026-03-18 08:23:18,583 [WARN] DbFile:41 - Overriding database path with different value: C:\Users\LeeJooHo\.stmcufinder\plugins\mcufinder/ => C:\Users\LeeJooHo\.stmcufinder\plugins\mcufinder
2026-03-18 08:23:18,583 [INFO] CrossReferenceDbSqlite:203 - Set database path to: C:\Users\LeeJooHo\.stmcufinder\plugins\mcufinder//mcu/cs/
2026-03-18 08:23:18,661 [INFO] MainPanel:274 - HeapMemory: 268435456
2026-03-18 08:23:18,768 [INFO] DbMcusXml:78 - Set database path to: C:\ST\STM32CubeIDE_1.19.0\STM32CubeIDE\plugins\com.st.stm32cube.common.mx_6.15.0.202507011659\\db\/mcu/
2026-03-18 08:23:18,768 [INFO] ApiDb:274 - Set plugin database path to: C:\ST\STM32CubeIDE_1.19.0\STM32CubeIDE\plugins\com.st.stm32cube.common.mx_6.15.0.202507011659\\db\/plugins/boardmanager/
2026-03-18 08:23:18,768 [INFO] ApiDb:261 - Set plugin images path to: C:\ST\STM32CubeIDE_1.19.0\STM32CubeIDE\plugins\com.st.stm32cube.common.mx_6.15.0.202507011659\\db\/plugins/mcufinder/images/
2026-03-18 08:23:18,769 [WARN] DbFile:41 - Overriding database path with different value: C:\Users\LeeJooHo\.stmcufinder\plugins\mcufinder/ => C:\Users\LeeJooHo\.stmcufinder\plugins\mcufinder
2026-03-18 08:23:18,769 [INFO] ApiDb:250 - Set database path to: C:\Users\LeeJooHo\.stmcufinder\plugins\mcufinder//mcu/
2026-03-18 08:23:18,769 [WARN] DbFile:41 - Overriding database path with different value: C:\Users\LeeJooHo\.stmcufinder\plugins\mcufinder/ => C:\Users\LeeJooHo\.stmcufinder\plugins\mcufinder
2026-03-18 08:23:18,769 [INFO] DbMcusAds:125 - Set database path to: C:\Users\LeeJooHo\.stmcufinder\plugins\mcufinder//mcu/
2026-03-18 08:23:18,769 [WARN] DbFile:41 - Overriding database path with different value: C:\Users\LeeJooHo\.stmcufinder\plugins\mcufinder/ => C:\Users\LeeJooHo\.stmcufinder\plugins\mcufinder
2026-03-18 08:23:18,769 [WARN] DbFile:41 - Overriding database path with different value: C:\Users\LeeJooHo\.stmcufinder\plugins\mcufinder/ => C:\Users\LeeJooHo\.stmcufinder\plugins\mcufinder
2026-03-18 08:23:18,769 [INFO] CrossReferenceDbSqlite:203 - Set database path to: C:\Users\LeeJooHo\.stmcufinder\plugins\mcufinder//mcu/cs/
2026-03-18 08:23:18,786 [INFO] ApplicationProperties:184 - Using Application install path: C:\ST\STM32CubeIDE_1.19.0\STM32CubeIDE\plugins\com.st.stm32cube.common.mx_6.15.0.202507011659
2026-03-18 08:23:18,787 [INFO] PluginManage:196 - Search for loadable plugins [exclusion list=, ]
2026-03-18 08:23:18,789 [INFO] PluginManage:310 - Check plugin analytics
2026-03-18 08:23:18,974 [INFO] AnalyticsPlugin:253 - Accepted Software Licenses: STM32CubeMX.6.16.1
2026-03-18 08:23:18,974 [INFO] AnalyticsPlugin:255 - Accepted CMSIS Pack Licenses: 
2026-03-18 08:23:18,974 [INFO] AnalyticsPlugin:257 - Accepted Firmware Licenses: FW.F4.1.28.0
2026-03-18 08:23:18,977 [INFO] PluginManage:359 - Loaded plugin analytics (category:tool,tabindex:-1)
2026-03-18 08:23:18,978 [INFO] PluginManage:310 - Check plugin cadmodel
2026-03-18 08:23:18,984 [INFO] CADModel:105 - Init CAD model plugin
2026-03-18 08:23:18,984 [INFO] PluginManage:359 - Loaded plugin cadmodel (category:power,tabindex:5)
2026-03-18 08:23:18,984 [INFO] PluginManage:310 - Check plugin clock
2026-03-18 08:23:18,994 [INFO] PluginManage:359 - Loaded plugin clock (category:base,tabindex:2)
2026-03-18 08:23:18,995 [INFO] PluginManage:310 - Check plugin ddr
2026-03-18 08:23:18,997 [INFO] PluginManage:359 - Loaded plugin ddr (category:tool,tabindex:6)
2026-03-18 08:23:18,997 [INFO] PluginManage:310 - Check plugin filemanager
2026-03-18 08:23:19,147 [INFO] PluginManage:359 - Loaded plugin filemanager (category:base,tabindex:10)
2026-03-18 08:23:19,147 [INFO] PluginManage:310 - Check plugin ipmanager
2026-03-18 08:23:19,154 [INFO] PluginManage:359 - Loaded plugin ipmanager (category:base,tabindex:5)
2026-03-18 08:23:19,154 [INFO] PluginManage:310 - Check plugin lpbam
2026-03-18 08:23:19,163 [INFO] PluginManage:359 - Loaded plugin lpbam (category:base,tabindex:0)
2026-03-18 08:23:19,163 [INFO] PluginManage:310 - Check plugin memorymap
2026-03-18 08:23:19,177 [INFO] PluginManage:359 - Loaded plugin memorymap (category:base,tabindex:4)
2026-03-18 08:23:19,178 [INFO] PluginManage:310 - Check plugin pinoutandconfiguration
2026-03-18 08:23:19,186 [INFO] PluginManage:359 - Loaded plugin pinoutandconfiguration (category:base,tabindex:1)
2026-03-18 08:23:19,186 [INFO] PluginManage:310 - Check plugin pinoutconfig
2026-03-18 08:23:19,281 [WARN] SupportedApi:132 - Cannot load RTOS API schema: s4s-elt-must-match.1: The content of 'definitions' must match (annotation?, (simpleType | complexType)?, (unique | key | keyref)*)). A problem was found starting at: attribute.
2026-03-18 08:23:19,414 [INFO] PluginManage:359 - Loaded plugin pinoutconfig (category:base,tabindex:0)
2026-03-18 08:23:19,414 [INFO] PluginManage:310 - Check plugin power
2026-03-18 08:23:19,425 [INFO] PluginManage:359 - Loaded plugin power (category:power,tabindex:4)
2026-03-18 08:23:19,425 [INFO] PluginManage:310 - Check plugin projectmanager
2026-03-18 08:23:19,440 [INFO] PluginManage:359 - Loaded plugin projectmanager (category:projectmanager,tabindex:4)
2026-03-18 08:23:19,440 [INFO] PluginManage:310 - Check plugin rif
2026-03-18 08:23:19,450 [INFO] PluginManage:359 - Loaded plugin rif (category:base,tabindex:3)
2026-03-18 08:23:19,450 [INFO] PluginManage:310 - Check plugin thirdparty
2026-03-18 08:23:19,578 [INFO] PluginManage:359 - Loaded plugin thirdparty (category:base,tabindex:-1)
2026-03-18 08:23:19,578 [INFO] PluginManage:310 - Check plugin tools
2026-03-18 08:23:19,578 [WARN] IntegrityCheckThread:84 - waiting for thirdparty lock release [integrity check]
2026-03-18 08:23:19,578 [INFO] IntegrityCheckThread:86 - entering critical section [integrity check]
2026-03-18 08:23:19,579 [INFO] ThirdPartyUpdaterWithRetryManager:70 - Updater plugin not ready yet. [1/15]
2026-03-18 08:23:19,581 [INFO] PluginManage:359 - Loaded plugin tools (category:base,tabindex:7)
2026-03-18 08:23:19,581 [INFO] PluginManage:310 - Check plugin tutovideos
2026-03-18 08:23:19,811 [INFO] PluginManage:359 - Loaded plugin tutovideos (category:base,tabindex:-1)
2026-03-18 08:23:19,812 [INFO] PluginManage:310 - Check plugin updater
2026-03-18 08:23:19,832 [INFO] PluginManage:359 - Loaded plugin updater (category:base,tabindex:12)
2026-03-18 08:23:19,832 [INFO] PluginManage:310 - Check plugin userauth
2026-03-18 08:23:19,836 [INFO] UserAuth:118 - Init User Auth plugin
2026-03-18 08:23:19,837 [INFO] PluginManage:359 - Loaded plugin userauth (category:base,tabindex:14)
2026-03-18 08:23:19,838 [INFO] PluginManage:283 - PluginManage : Loaded plugins [18]
2026-03-18 08:23:20,043 [INFO] PinOutPanel:1589 - setPackage(No Configuration,No Configuration)
2026-03-18 08:23:20,126 [INFO] CADModel:165 - CPN selected for project level
2026-03-18 08:23:20,126 [INFO] CADModel:114 - Register for checkConnection events
2026-03-18 08:23:20,145 [INFO] IPUIPlugin:80 - create IPUIPlugin
2026-03-18 08:23:20,145 [INFO] PluginManager:220 - loadIPPluginJar : add adc
2026-03-18 08:23:20,148 [INFO] IPUIPlugin:80 - create IPUIPlugin
2026-03-18 08:23:20,148 [INFO] PluginManager:220 - loadIPPluginJar : add aes
2026-03-18 08:23:20,151 [INFO] IPUIPlugin:80 - create IPUIPlugin
2026-03-18 08:23:20,151 [INFO] PluginManager:220 - loadIPPluginJar : add can
2026-03-18 08:23:20,154 [INFO] IPUIPlugin:80 - create IPUIPlugin
2026-03-18 08:23:20,154 [INFO] PluginManager:220 - loadIPPluginJar : add comp
2026-03-18 08:23:20,156 [INFO] IPUIPlugin:80 - create IPUIPlugin
2026-03-18 08:23:20,156 [INFO] PluginManager:220 - loadIPPluginJar : add cryp
2026-03-18 08:23:20,160 [INFO] IPUIPlugin:80 - create IPUIPlugin
2026-03-18 08:23:20,160 [INFO] PluginManager:220 - loadIPPluginJar : add ddr_ctrl_phy
2026-03-18 08:23:20,163 [INFO] IPUIPlugin:80 - create IPUIPlugin
2026-03-18 08:23:20,163 [INFO] PluginManager:220 - loadIPPluginJar : add dfsdm
2026-03-18 08:23:20,169 [INFO] IPUIPlugin:80 - create IPUIPlugin
2026-03-18 08:23:20,170 [INFO] PluginManager:220 - loadIPPluginJar : add dma
2026-03-18 08:23:20,172 [INFO] IPUIPlugin:80 - create IPUIPlugin
2026-03-18 08:23:20,173 [INFO] PluginManager:220 - loadIPPluginJar : add dma3
2026-03-18 08:23:20,176 [INFO] IPUIPlugin:80 - create IPUIPlugin
2026-03-18 08:23:20,176 [INFO] PluginManager:220 - loadIPPluginJar : add extmemmanager
2026-03-18 08:23:20,178 [INFO] IPUIPlugin:80 - create IPUIPlugin
2026-03-18 08:23:20,178 [INFO] PluginManager:220 - loadIPPluginJar : add fatfs
2026-03-18 08:23:20,182 [INFO] IPUIPlugin:80 - create IPUIPlugin
2026-03-18 08:23:20,182 [INFO] PluginManager:220 - loadIPPluginJar : add fmc
2026-03-18 08:23:20,188 [INFO] IPUIPlugin:80 - create IPUIPlugin
2026-03-18 08:23:20,188 [INFO] PluginManager:220 - loadIPPluginJar : add freertos
2026-03-18 08:23:20,190 [INFO] IPUIPlugin:80 - create IPUIPlugin
2026-03-18 08:23:20,190 [INFO] PluginManager:220 - loadIPPluginJar : add genericplugin
2026-03-18 08:23:20,193 [INFO] IPUIPlugin:80 - create IPUIPlugin
2026-03-18 08:23:20,193 [INFO] PluginManager:220 - loadIPPluginJar : add gfxmmu
2026-03-18 08:23:20,198 [INFO] IPUIPlugin:80 - create IPUIPlugin
2026-03-18 08:23:20,198 [INFO] PluginManager:220 - loadIPPluginJar : add gic
2026-03-18 08:23:20,202 [INFO] IPUIPlugin:80 - create IPUIPlugin
2026-03-18 08:23:20,203 [INFO] PluginManager:220 - loadIPPluginJar : add gpio
2026-03-18 08:23:20,205 [INFO] IPUIPlugin:80 - create IPUIPlugin
2026-03-18 08:23:20,205 [INFO] PluginManager:220 - loadIPPluginJar : add gtzc
2026-03-18 08:23:20,209 [INFO] IPUIPlugin:80 - create IPUIPlugin
2026-03-18 08:23:20,209 [INFO] PluginManager:220 - loadIPPluginJar : add hash
2026-03-18 08:23:20,212 [INFO] IPUIPlugin:80 - create IPUIPlugin
2026-03-18 08:23:20,212 [INFO] PluginManager:220 - loadIPPluginJar : add i2c
2026-03-18 08:23:20,215 [INFO] IPUIPlugin:80 - create IPUIPlugin
2026-03-18 08:23:20,215 [INFO] PluginManager:220 - loadIPPluginJar : add i2s
2026-03-18 08:23:20,219 [INFO] IPUIPlugin:80 - create IPUIPlugin
2026-03-18 08:23:20,219 [INFO] PluginManager:220 - loadIPPluginJar : add i3c
2026-03-18 08:23:20,222 [INFO] IPUIPlugin:80 - create IPUIPlugin
2026-03-18 08:23:20,222 [INFO] PluginManager:220 - loadIPPluginJar : add ipddr
2026-03-18 08:23:20,229 [INFO] IPUIPlugin:80 - create IPUIPlugin
2026-03-18 08:23:20,230 [INFO] PluginManager:220 - loadIPPluginJar : add linkedlist
2026-03-18 08:23:20,233 [INFO] IPUIPlugin:80 - create IPUIPlugin
2026-03-18 08:23:20,233 [INFO] PluginManager:220 - loadIPPluginJar : add lorawan
2026-03-18 08:23:20,235 [INFO] IPUIPlugin:80 - create IPUIPlugin
2026-03-18 08:23:20,235 [INFO] PluginManager:220 - loadIPPluginJar : add ltdc
2026-03-18 08:23:20,241 [INFO] IPUIPlugin:80 - create IPUIPlugin
2026-03-18 08:23:20,241 [INFO] PluginManager:220 - loadIPPluginJar : add mdma
2026-03-18 08:23:20,244 [INFO] IPUIPlugin:80 - create IPUIPlugin
2026-03-18 08:23:20,245 [INFO] PluginManager:220 - loadIPPluginJar : add nvic
2026-03-18 08:23:20,248 [INFO] IPUIPlugin:80 - create IPUIPlugin
2026-03-18 08:23:20,248 [INFO] PluginManager:220 - loadIPPluginJar : add opamp
2026-03-18 08:23:20,252 [INFO] IPUIPlugin:80 - create IPUIPlugin
2026-03-18 08:23:20,252 [INFO] PluginManager:220 - loadIPPluginJar : add openamp
2026-03-18 08:23:20,255 [INFO] IPUIPlugin:80 - create IPUIPlugin
2026-03-18 08:23:20,255 [INFO] PluginManager:220 - loadIPPluginJar : add pdm2pcm
2026-03-18 08:23:20,261 [INFO] IPUIPlugin:80 - create IPUIPlugin
2026-03-18 08:23:20,264 [INFO] PluginManager:220 - loadIPPluginJar : add plateformsettings
2026-03-18 08:23:20,266 [INFO] IPUIPlugin:80 - create IPUIPlugin
2026-03-18 08:23:20,266 [INFO] PluginManager:220 - loadIPPluginJar : add quadspi
2026-03-18 08:23:20,268 [INFO] IPUIPlugin:80 - create IPUIPlugin
2026-03-18 08:23:20,268 [INFO] PluginManager:220 - loadIPPluginJar : add radio
2026-03-18 08:23:20,273 [INFO] IPUIPlugin:80 - create IPUIPlugin
2026-03-18 08:23:20,273 [INFO] PluginManager:220 - loadIPPluginJar : add resmgrutility
2026-03-18 08:23:20,276 [INFO] IPUIPlugin:80 - create IPUIPlugin
2026-03-18 08:23:20,276 [INFO] PluginManager:220 - loadIPPluginJar : add sai
2026-03-18 08:23:20,279 [INFO] IPUIPlugin:80 - create IPUIPlugin
2026-03-18 08:23:20,279 [INFO] PluginManager:220 - loadIPPluginJar : add spi
2026-03-18 08:23:20,285 [INFO] IPUIPlugin:80 - create IPUIPlugin
2026-03-18 08:23:20,285 [INFO] PluginManager:220 - loadIPPluginJar : add stm32_wpan
2026-03-18 08:23:20,287 [INFO] IPUIPlugin:80 - create IPUIPlugin
2026-03-18 08:23:20,287 [INFO] PluginManager:220 - loadIPPluginJar : add tim
2026-03-18 08:23:20,291 [INFO] IPUIPlugin:80 - create IPUIPlugin
2026-03-18 08:23:20,291 [INFO] PluginManager:220 - loadIPPluginJar : add touchsensing
2026-03-18 08:23:20,293 [INFO] IPUIPlugin:80 - create IPUIPlugin
2026-03-18 08:23:20,294 [INFO] PluginManager:220 - loadIPPluginJar : add tracer_emb
2026-03-18 08:23:20,296 [INFO] IPUIPlugin:80 - create IPUIPlugin
2026-03-18 08:23:20,296 [INFO] PluginManager:220 - loadIPPluginJar : add ts
2026-03-18 08:23:20,298 [INFO] IPUIPlugin:80 - create IPUIPlugin
2026-03-18 08:23:20,298 [INFO] PluginManager:220 - loadIPPluginJar : add tsc
2026-03-18 08:23:20,300 [INFO] IPUIPlugin:80 - create IPUIPlugin
2026-03-18 08:23:20,300 [INFO] PluginManager:220 - loadIPPluginJar : add ucpd
2026-03-18 08:23:20,303 [INFO] IPUIPlugin:80 - create IPUIPlugin
2026-03-18 08:23:20,303 [INFO] PluginManager:220 - loadIPPluginJar : add usart
2026-03-18 08:23:20,308 [INFO] IPUIPlugin:80 - create IPUIPlugin
2026-03-18 08:23:20,308 [INFO] PluginManager:220 - loadIPPluginJar : add usbx
2026-03-18 08:23:20,440 [FATAL] Updater:351 - Updater called before beeing initialized
2026-03-18 08:23:20,465 [INFO] RulesReader:64 - Compatibility file has been processed (317 Rules)
2026-03-18 08:23:20,475 [INFO] RulesReader:64 - Compatibility file has been processed (317 Rules)
2026-03-18 08:23:20,481 [INFO] CADModel:165 - CPN selected for project level
2026-03-18 08:23:20,481 [INFO] CADModel:114 - Register for checkConnection events
2026-03-18 08:23:20,481 [FATAL] Updater:351 - Updater called before beeing initialized
2026-03-18 08:23:20,481 [ERROR] CADModel:125 - Updater not yet initialized, retry later 
2026-03-18 08:23:20,622 [FATAL] Updater:351 - Updater called before beeing initialized
2026-03-18 08:23:20,624 [INFO] CADModel:165 - CPN selected for project level
2026-03-18 08:23:20,624 [INFO] CADModel:114 - Register for checkConnection events
2026-03-18 08:23:20,624 [FATAL] Updater:351 - Updater called before beeing initialized
2026-03-18 08:23:20,624 [ERROR] CADModel:125 - Updater not yet initialized, retry later 
2026-03-18 08:23:20,628 [FATAL] Updater:351 - Updater called before beeing initialized
2026-03-18 08:23:20,736 [FATAL] Updater:351 - Updater called before beeing initialized
2026-03-18 08:23:20,740 [INFO] DbMcusAds:53 - JSON generation date=Thu Mar 05 23:32:53 KST 2026 (1772721173054)
2026-03-18 08:23:20,740 [FATAL] Updater:351 - Updater called before beeing initialized
2026-03-18 08:23:20,779 [WARN] DetailPanel:346 - Failed to get advertising image, set to default
2026-03-18 08:23:20,877 [FATAL] Updater:351 - Updater called before beeing initialized
2026-03-18 08:23:20,878 [FATAL] Updater:351 - Updater called before beeing initialized
2026-03-18 08:23:20,878 [FATAL] Updater:351 - Updater called before beeing initialized
2026-03-18 08:23:20,878 [WARN] DetailPanel:346 - Failed to get advertising image, set to default
2026-03-18 08:23:20,879 [FATAL] Updater:351 - Updater called before beeing initialized
2026-03-18 08:23:20,928 [ERROR] Updater:1198 - MainUpdater not yet initialized. External WinMGr cannot be set.
2026-03-18 08:23:20,929 [INFO] Updater:1134 - Updater Version found : 6.15.0
2026-03-18 08:23:20,946 [INFO] ApplicationProperties:184 - Using Application install path: C:\ST\STM32CubeIDE_1.19.0\STM32CubeIDE\plugins\com.st.stm32cube.common.mx_6.15.0.202507011659
2026-03-18 08:23:21,533 [INFO] MainUpdater:2872 - connection check result : 10
2026-03-18 08:23:21,534 [INFO] MainUpdater:289 - Updater Check For Update Now.
2026-03-18 08:23:21,534 [INFO] MicroXplorer:498 - Change Database Version : DB.6.0.150
2026-03-18 08:23:21,542 [INFO] McuFinderGlobals:63 - Set McuFinder mode to 2 (CubeIDE integrated)
2026-03-18 08:23:21,543 [INFO] UserAuth:487 - Internet connection configuration mode: 1
2026-03-18 08:23:21,579 [INFO] JxBrowserEngine:152 - Initiate JxBrowser Engine with user profile folder
2026-03-18 08:23:21,716 [INFO] CheckServerUpdateThread:120 - End of CheckServer Thread
2026-03-18 08:23:22,772 [INFO] WebApp:169 - Instantiating new browser for Auth
2026-03-18 08:23:22,964 [WARN] PackLoader:240 - Cannot read IP mode file for STMicroelectronics.FP-SNS-MOTENVWB1.1.4.0
2026-03-18 08:23:22,979 [WARN] PackLoader:240 - Cannot read IP mode file for STMicroelectronics.FP-ATR-ASTRA1.2.0.2
2026-03-18 08:23:22,989 [WARN] PackLoader:240 - Cannot read IP mode file for STMicroelectronics.X-CUBE-SMBUS.2.1.0
2026-03-18 08:23:23,037 [WARN] PackLoader:240 - Cannot read IP mode file for STMicroelectronics.X-CUBE-AZRTOS-F7.1.1.0
2026-03-18 08:23:23,066 [WARN] PackLoader:240 - Cannot read IP mode file for WES.I-CUBE-Cesium.1.4.0
2026-03-18 08:23:23,101 [WARN] PackLoader:240 - Cannot read IP mode file for STMicroelectronics.X-CUBE-AZRTOS-H7.3.4.0
2026-03-18 08:23:23,111 [WARN] PackLoader:240 - Cannot read IP mode file for STMicroelectronics.X-CUBE-DISPLAY.3.0.0
2026-03-18 08:23:23,118 [WARN] PackLoader:240 - Cannot read IP mode file for STMicroelectronics.FP-SNS-MOTENVWB1.1.5.0
2026-03-18 08:23:23,125 [WARN] PackLoader:240 - Cannot read IP mode file for STMicroelectronics.X-CUBE-NFC10.1.0.0
2026-03-18 08:23:23,131 [WARN] PackLoader:240 - Cannot read IP mode file for STMicroelectronics.X-CUBE-ST60.1.1.0
2026-03-18 08:23:23,137 [WARN] PackLoader:240 - Cannot read IP mode file for emotas.I-CUBE-CANOPEN.1.3.0
2026-03-18 08:23:23,144 [WARN] PackLoader:240 - Cannot read IP mode file for STMicroelectronics.FP-SNS-STBOX1.2.1.0
2026-03-18 08:23:23,150 [WARN] PackLoader:240 - Cannot read IP mode file for STMicroelectronics.FP-SNS-SMARTAG2.1.2.0
2026-03-18 08:23:23,154 [WARN] PackLoader:240 - Cannot read IP mode file for STMicroelectronics.FP-SNS-FLIGHT1.5.1.0
2026-03-18 08:23:23,166 [INFO] LogOutputStream:77 - [STDOUT_REDIRECT] 1 : Invalid condition id : UX_CORESTACK_Condition cause : null
2026-03-18 08:23:23,168 [INFO] LogOutputStream:77 - [STDOUT_REDIRECT] 1 : Invalid condition id : UX_CORESTACK_Condition cause : null
2026-03-18 08:23:23,169 [INFO] LogOutputStream:77 - [STDOUT_REDIRECT] 1 : Invalid condition id : UX_CORESTACK_Condition cause : null
2026-03-18 08:23:23,170 [INFO] LogOutputStream:77 - [STDOUT_REDIRECT] 1 : Invalid condition id : UX_CORESTACK_Condition cause : null
2026-03-18 08:23:23,172 [INFO] LogOutputStream:77 - [STDOUT_REDIRECT] 1 : Invalid condition id : UX_CORESTACK_Condition cause : null
2026-03-18 08:23:23,174 [WARN] PackLoader:240 - Cannot read IP mode file for STMicroelectronics.X-CUBE-AZRTOS-WL.2.0.0
2026-03-18 08:23:23,193 [WARN] PackLoader:240 - Cannot read IP mode file for STMicroelectronics.X-CUBE-AZRTOS-H7RS.1.2.0
2026-03-18 08:23:23,201 [WARN] PackLoader:240 - Cannot read IP mode file for STMicroelectronics.X-CUBE-BLE2.3.3.0
2026-03-18 08:23:23,235 [WARN] PackLoader:240 - Cannot read IP mode file for Infineon.AIROC-Wi-Fi-Bluetooth-STM32.1.8.0
2026-03-18 08:23:23,244 [WARN] PackLoader:240 - Cannot read IP mode file for STMicroelectronics.X-CUBE-NFC9.1.0.0
2026-03-18 08:23:23,250 [WARN] PackLoader:240 - Cannot read IP mode file for STMicroelectronics.X-CUBE-BLE1.7.1.0
2026-03-18 08:23:23,254 [WARN] PackLoader:240 - Cannot read IP mode file for wolfSSL.I-CUBE-wolfMQTT.1.19.2
2026-03-18 08:23:23,259 [WARN] PackLoader:240 - Cannot read IP mode file for STMicroelectronics.X-CUBE-EEPRMA1.5.2.0
2026-03-18 08:23:23,263 [WARN] PackLoader:240 - Cannot read IP mode file for wolfSSL.I-CUBE-wolfSSL.5.8.4
2026-03-18 08:23:23,268 [WARN] PackLoader:240 - Cannot read IP mode file for Cesanta.I-CUBE-Mongoose.7.20.0
2026-03-18 08:23:23,275 [WARN] PackLoader:240 - Cannot read IP mode file for STMicroelectronics.X-CUBE-ST67W61.1.1.0
2026-03-18 08:23:23,286 [WARN] PackLoader:240 - Cannot read IP mode file for STMicroelectronics.X-CUBE-AZRTOS-G0.1.1.0
2026-03-18 08:23:23,292 [WARN] PackLoader:240 - Cannot read IP mode file for STMicroelectronics.X-CUBE-NFC4.3.0.0
2026-03-18 08:23:23,330 [WARN] PackLoader:240 - Cannot read IP mode file for EmbeddedOffice.I-CUBE-FS-RTOS.1.0.1
2026-03-18 08:23:23,341 [WARN] PackLoader:240 - Cannot read IP mode file for STMicroelectronics.X-CUBE-WB05N.2.0.0
2026-03-18 08:23:23,348 [WARN] PackLoader:240 - Cannot read IP mode file for wolfSSL.I-CUBE-wolfTPM.3.8.0
2026-03-18 08:23:23,362 [WARN] PackLoader:240 - Cannot read IP mode file for STMicroelectronics.X-CUBE-TCPP.4.2.0
2026-03-18 08:23:23,387 [WARN] PackLoader:240 - Cannot read IP mode file for RealThread.X-CUBE-RT-Thread_Nano.4.1.1
2026-03-18 08:23:23,392 [WARN] PackLoader:240 - Cannot read IP mode file for STMicroelectronics.FP-ATR-SIGFOX1.3.2.0
2026-03-18 08:23:23,399 [WARN] PackLoader:240 - Cannot read IP mode file for ITTIA_DB.I-CUBE-ITTIADB.8.9.0
2026-03-18 08:23:23,409 [WARN] PackLoader:240 - Cannot read IP mode file for STMicroelectronics.X-CUBE-NFC6.3.2.0
2026-03-18 08:23:23,418 [WARN] PackLoader:240 - Cannot read IP mode file for STMicroelectronics.X-CUBE-AI.10.2.0
2026-03-18 08:23:23,480 [WARN] PackLoader:240 - Cannot read IP mode file for SEGGER.I-CUBE-embOS.1.3.1
2026-03-18 08:23:23,551 [WARN] PackLoader:240 - Cannot read IP mode file for STMicroelectronics.X-CUBE-ALGOBUILD.1.4.0
2026-03-18 08:23:23,555 [WARN] PackLoader:240 - Cannot read IP mode file for STMicroelectronics.X-CUBE-PM33A1.1.0.0
2026-03-18 08:23:23,568 [WARN] PackLoader:240 - Cannot read IP mode file for STMicroelectronics.X-CUBE-AZRTOS-F4.1.1.0
2026-03-18 08:23:23,573 [WARN] PackLoader:240 - Cannot read IP mode file for STMicroelectronics.X-CUBE-ISPU.2.1.0
2026-03-18 08:23:23,583 [WARN] PackLoader:240 - Cannot read IP mode file for STMicroelectronics.X-CUBE-IPS.3.2.0
2026-03-18 08:23:23,593 [WARN] PackLoader:240 - Cannot read IP mode file for STMicroelectronics.X-CUBE-NFC12.1.0.0
2026-03-18 08:23:23,606 [WARN] PackLoader:240 - Cannot read IP mode file for STMicroelectronics.X-CUBE-AZRTOS-L5.2.0.0
2026-03-18 08:23:23,612 [WARN] PackLoader:240 - Cannot read IP mode file for STMicroelectronics.X-CUBE-NFC6.3.1.0
2026-03-18 08:23:23,623 [WARN] PackLoader:240 - Cannot read IP mode file for STMicroelectronics.X-CUBE-TOUCHGFX.4.26.0
2026-03-18 08:23:23,628 [WARN] PackLoader:240 - Cannot read IP mode file for STMicroelectronics.FP-SNS-STAIOTCFT.1.0.0
2026-03-18 08:23:23,633 [WARN] PackLoader:240 - Cannot read IP mode file for STMicroelectronics.X-CUBE-DPower.1.3.0
2026-03-18 08:23:23,649 [WARN] ConditionMgr:438 - getConditionDescription Invalid condition id : LAN8742 Phy interface Condition cause : null
2026-03-18 08:23:23,650 [WARN] PackLoader:240 - Cannot read IP mode file for STMicroelectronics.X-CUBE-AZRTOS-L4.2.0.0
2026-03-18 08:23:23,651 [WARN] ConditionMgr:1044 - genDependencies : Invalid condition id : LAN8742 Phy interface Condition cause : null
2026-03-18 08:23:23,651 [WARN] ConditionMgr:1044 - genDependencies : Invalid condition id : LAN8742 Phy interface Condition cause : null
2026-03-18 08:23:23,651 [WARN] ConditionMgr:1044 - genDependencies : Invalid condition id : LAN8742 Phy interface Condition cause : null
2026-03-18 08:23:23,660 [WARN] PackLoader:240 - Cannot read IP mode file for STMicroelectronics.X-CUBE-SFXS2LP1.4.0.0
2026-03-18 08:23:23,666 [WARN] PackLoader:240 - Cannot read IP mode file for STMicroelectronics.X-CUBE-ST67W61.1.2.0
2026-03-18 08:23:23,680 [WARN] PackLoader:240 - Cannot read IP mode file for STMicroelectronics.X-CUBE-BLEMGR.4.1.0
2026-03-18 08:23:23,702 [WARN] ConditionMgr:438 - getConditionDescription Invalid condition id : UX DEVICE CLASS RTOS Condition cause : null
2026-03-18 08:23:23,702 [WARN] ConditionMgr:438 - getConditionDescription Invalid condition id : UX DEVICE CLASS RTOS Condition cause : null
2026-03-18 08:23:23,704 [WARN] PackLoader:240 - Cannot read IP mode file for STMicroelectronics.X-CUBE-AZRTOS-WB.2.0.0
2026-03-18 08:23:23,704 [WARN] ConditionMgr:1044 - genDependencies : Invalid condition id : UX DEVICE CLASS RTOS Condition cause : null
2026-03-18 08:23:23,704 [WARN] ConditionMgr:1044 - genDependencies : Invalid condition id : UX DEVICE CLASS RTOS Condition cause : null
2026-03-18 08:23:23,704 [WARN] ConditionMgr:1044 - genDependencies : Invalid condition id : UX DEVICE CLASS RTOS Condition cause : null
2026-03-18 08:23:23,704 [WARN] ConditionMgr:1044 - genDependencies : Invalid condition id : UX DEVICE CLASS RTOS Condition cause : null
2026-03-18 08:23:23,704 [WARN] ConditionMgr:1044 - genDependencies : Invalid condition id : UX DEVICE CLASS RTOS Condition cause : null
2026-03-18 08:23:23,709 [WARN] ConditionMgr:438 - getConditionDescription Invalid condition id : Cortex-A Device cause : null
2026-03-18 08:23:23,720 [WARN] ConditionMgr:1044 - genDependencies : Invalid condition id : Cortex-A Device cause : null
2026-03-18 08:23:23,720 [WARN] ConditionMgr:1044 - genDependencies : Invalid condition id : Cortex-A Device cause : null
2026-03-18 08:23:23,720 [WARN] ConditionMgr:1044 - genDependencies : Invalid condition id : Cortex-A Device cause : null
2026-03-18 08:23:23,727 [WARN] PackLoader:240 - Cannot read IP mode file for STMicroelectronics.X-CUBE-STSE01.2.0.0
2026-03-18 08:23:23,746 [WARN] PackLoader:240 - Cannot read IP mode file for STMicroelectronics.X-CUBE-SUBG2.5.0.0
2026-03-18 08:23:23,767 [WARN] PackLoader:240 - Cannot read IP mode file for STMicroelectronics.X-CUBE-AZRTOS-G4.2.0.0
2026-03-18 08:23:23,772 [WARN] PackLoader:240 - Cannot read IP mode file for wolfSSL.I-CUBE-wolfSSH.1.4.20
2026-03-18 08:23:23,778 [WARN] PackLoader:240 - Cannot read IP mode file for STMicroelectronics.X-CUBE-NFC7.2.0.0
2026-03-18 08:23:23,782 [WARN] PackLoader:240 - Cannot read IP mode file for STMicroelectronics.X-CUBE-ALS.1.0.2
2026-03-18 08:23:23,788 [WARN] PackLoader:240 - Cannot read IP mode file for STMicroelectronics.X-CUBE-STSE01.1.0.0
2026-03-18 08:23:23,800 [WARN] PackLoader:240 - Cannot read IP mode file for STMicroelectronics.X-CUBE-TOF1.3.4.3
2026-03-18 08:23:23,808 [INFO] ThirdParty:978 - Integrity check success = true
2026-03-18 08:23:23,808 [INFO] IntegrityCheckThread:100 - exiting critical section [integrity check]
2026-03-18 08:23:23,808 [INFO] IntegrityCheckThread:103 - End integrity checks thread
2026-03-18 08:23:24,600 [INFO] WebApp:463 - Apply proxy settings
2026-03-18 08:23:24,601 [INFO] WebApp:548 - Chromium requires no authentication
2026-03-18 08:23:24,610 [INFO] WebApp:491 - Direct internet connection detected
2026-03-18 08:23:24,641 [INFO] WebApp:900 - Register for checkConnection events
2026-03-18 08:23:24,642 [INFO] WebApp:463 - Apply proxy settings
2026-03-18 08:23:24,642 [INFO] WebApp:548 - Chromium requires no authentication
2026-03-18 08:23:24,642 [INFO] WebApp:491 - Direct internet connection detected
2026-03-18 08:23:24,825 [INFO] WebApp:225 - Starting web application
2026-03-18 08:23:24,825 [INFO] WebApp:593 - Web application path used C:\ST\STM32CubeIDE_1.19.0\STM32CubeIDE\plugins\com.st.stm32cube.common.mx_6.15.0.202507011659\db\plugins\mcufinder\reactClient1\index.html
2026-03-18 08:23:24,870 [INFO] WebApp:191 - Connection restablished
2026-03-18 08:23:25,067 [INFO] UserAuth:487 - Internet connection configuration mode: 1
