2026-03-25 22:31:03,498 [INFO] Activator:176 - 


2026-03-25 22:31:03,510 [INFO] Activator:177 - !SESSION log4j initialized
2026-03-25 22:31:09,972 [INFO] LogOutputStream:77 - [STDOUT_REDIRECT] 
2026-03-25 22:31:12,501 [INFO] ApplicationProperties:184 - Using Application install path: C:\ST\STM32CubeIDE_1.19.0\STM32CubeIDE\plugins\com.st.stm32cube.common.mx_6.15.0.202507011659
2026-03-25 22:31:12,521 [INFO] DbMcusXml:78 - Set database path to: C:\ST\STM32CubeIDE_1.19.0\STM32CubeIDE\plugins\com.st.stm32cube.common.mx_6.15.0.202507011659\\db\/mcu/
2026-03-25 22:31:12,521 [INFO] ApiDb:274 - Set plugin database path to: C:\ST\STM32CubeIDE_1.19.0\STM32CubeIDE\plugins\com.st.stm32cube.common.mx_6.15.0.202507011659\\db\/plugins/boardmanager/
2026-03-25 22:31:12,521 [WARN] ApiDb:259 - Overriding images path with different value:  => C:\ST\STM32CubeIDE_1.19.0\STM32CubeIDE\plugins\com.st.stm32cube.common.mx_6.15.0.202507011659\\db\/plugins/mcufinder/images/
2026-03-25 22:31:12,533 [INFO] ApiDb:250 - Set database path to: C:\Users\LeeJooHo\.stmcufinder\plugins\mcufinder//mcu/
2026-03-25 22:31:12,534 [INFO] DbMcusAds:125 - Set database path to: C:\Users\LeeJooHo\.stmcufinder\plugins\mcufinder//mcu/
2026-03-25 22:31:12,538 [INFO] CrossReferenceDbSqlite:203 - Set database path to: C:\Users\LeeJooHo\.stmcufinder\plugins\mcufinder//mcu/cs/
2026-03-25 22:31:12,668 [INFO] RulesReader:64 - Compatibility file has been processed (317 Rules)
2026-03-25 22:31:12,760 [INFO] DbMcusXml:78 - Set database path to: C:\ST\STM32CubeIDE_1.19.0\STM32CubeIDE\plugins\com.st.stm32cube.common.mx_6.15.0.202507011659\\db\/mcu/
2026-03-25 22:31:12,760 [INFO] ApiDb:274 - Set plugin database path to: C:\ST\STM32CubeIDE_1.19.0\STM32CubeIDE\plugins\com.st.stm32cube.common.mx_6.15.0.202507011659\\db\/plugins/boardmanager/
2026-03-25 22:31:12,760 [INFO] ApiDb:261 - Set plugin images path to: C:\ST\STM32CubeIDE_1.19.0\STM32CubeIDE\plugins\com.st.stm32cube.common.mx_6.15.0.202507011659\\db\/plugins/mcufinder/images/
2026-03-25 22:31:12,760 [WARN] DbFile:41 - Overriding database path with different value: C:\Users\LeeJooHo\.stmcufinder\plugins\mcufinder/ => C:\Users\LeeJooHo\.stmcufinder\plugins\mcufinder
2026-03-25 22:31:12,761 [INFO] ApiDb:250 - Set database path to: C:\Users\LeeJooHo\.stmcufinder\plugins\mcufinder//mcu/
2026-03-25 22:31:12,761 [WARN] DbFile:41 - Overriding database path with different value: C:\Users\LeeJooHo\.stmcufinder\plugins\mcufinder/ => C:\Users\LeeJooHo\.stmcufinder\plugins\mcufinder
2026-03-25 22:31:12,761 [INFO] DbMcusAds:125 - Set database path to: C:\Users\LeeJooHo\.stmcufinder\plugins\mcufinder//mcu/
2026-03-25 22:31:12,761 [WARN] DbFile:41 - Overriding database path with different value: C:\Users\LeeJooHo\.stmcufinder\plugins\mcufinder/ => C:\Users\LeeJooHo\.stmcufinder\plugins\mcufinder
2026-03-25 22:31:12,761 [WARN] DbFile:41 - Overriding database path with different value: C:\Users\LeeJooHo\.stmcufinder\plugins\mcufinder/ => C:\Users\LeeJooHo\.stmcufinder\plugins\mcufinder
2026-03-25 22:31:12,761 [INFO] CrossReferenceDbSqlite:203 - Set database path to: C:\Users\LeeJooHo\.stmcufinder\plugins\mcufinder//mcu/cs/
2026-03-25 22:31:12,835 [INFO] MainPanel:274 - HeapMemory: 268435456
2026-03-25 22:31:12,952 [INFO] DbMcusXml:78 - Set database path to: C:\ST\STM32CubeIDE_1.19.0\STM32CubeIDE\plugins\com.st.stm32cube.common.mx_6.15.0.202507011659\\db\/mcu/
2026-03-25 22:31:12,952 [INFO] ApiDb:274 - Set plugin database path to: C:\ST\STM32CubeIDE_1.19.0\STM32CubeIDE\plugins\com.st.stm32cube.common.mx_6.15.0.202507011659\\db\/plugins/boardmanager/
2026-03-25 22:31:12,952 [INFO] ApiDb:261 - Set plugin images path to: C:\ST\STM32CubeIDE_1.19.0\STM32CubeIDE\plugins\com.st.stm32cube.common.mx_6.15.0.202507011659\\db\/plugins/mcufinder/images/
2026-03-25 22:31:12,953 [WARN] DbFile:41 - Overriding database path with different value: C:\Users\LeeJooHo\.stmcufinder\plugins\mcufinder/ => C:\Users\LeeJooHo\.stmcufinder\plugins\mcufinder
2026-03-25 22:31:12,953 [INFO] ApiDb:250 - Set database path to: C:\Users\LeeJooHo\.stmcufinder\plugins\mcufinder//mcu/
2026-03-25 22:31:12,953 [WARN] DbFile:41 - Overriding database path with different value: C:\Users\LeeJooHo\.stmcufinder\plugins\mcufinder/ => C:\Users\LeeJooHo\.stmcufinder\plugins\mcufinder
2026-03-25 22:31:12,953 [INFO] DbMcusAds:125 - Set database path to: C:\Users\LeeJooHo\.stmcufinder\plugins\mcufinder//mcu/
2026-03-25 22:31:12,953 [WARN] DbFile:41 - Overriding database path with different value: C:\Users\LeeJooHo\.stmcufinder\plugins\mcufinder/ => C:\Users\LeeJooHo\.stmcufinder\plugins\mcufinder
2026-03-25 22:31:12,953 [WARN] DbFile:41 - Overriding database path with different value: C:\Users\LeeJooHo\.stmcufinder\plugins\mcufinder/ => C:\Users\LeeJooHo\.stmcufinder\plugins\mcufinder
2026-03-25 22:31:12,953 [INFO] CrossReferenceDbSqlite:203 - Set database path to: C:\Users\LeeJooHo\.stmcufinder\plugins\mcufinder//mcu/cs/
2026-03-25 22:31:12,971 [INFO] ApplicationProperties:184 - Using Application install path: C:\ST\STM32CubeIDE_1.19.0\STM32CubeIDE\plugins\com.st.stm32cube.common.mx_6.15.0.202507011659
2026-03-25 22:31:12,972 [INFO] PluginManage:196 - Search for loadable plugins [exclusion list=, ]
2026-03-25 22:31:12,973 [INFO] PluginManage:310 - Check plugin analytics
2026-03-25 22:31:13,192 [INFO] AnalyticsPlugin:253 - Accepted Software Licenses: STM32CubeMX.6.16.1
2026-03-25 22:31:13,193 [INFO] AnalyticsPlugin:255 - Accepted CMSIS Pack Licenses: 
2026-03-25 22:31:13,193 [INFO] AnalyticsPlugin:257 - Accepted Firmware Licenses: FW.F4.1.28.0
2026-03-25 22:31:13,198 [INFO] PluginManage:359 - Loaded plugin analytics (category:tool,tabindex:-1)
2026-03-25 22:31:13,199 [INFO] PluginManage:310 - Check plugin cadmodel
2026-03-25 22:31:13,205 [INFO] CADModel:105 - Init CAD model plugin
2026-03-25 22:31:13,206 [INFO] PluginManage:359 - Loaded plugin cadmodel (category:power,tabindex:5)
2026-03-25 22:31:13,206 [INFO] PluginManage:310 - Check plugin clock
2026-03-25 22:31:13,223 [INFO] PluginManage:359 - Loaded plugin clock (category:base,tabindex:2)
2026-03-25 22:31:13,224 [INFO] PluginManage:310 - Check plugin ddr
2026-03-25 22:31:13,227 [INFO] PluginManage:359 - Loaded plugin ddr (category:tool,tabindex:6)
2026-03-25 22:31:13,227 [INFO] PluginManage:310 - Check plugin filemanager
2026-03-25 22:31:13,393 [INFO] PluginManage:359 - Loaded plugin filemanager (category:base,tabindex:10)
2026-03-25 22:31:13,393 [INFO] PluginManage:310 - Check plugin ipmanager
2026-03-25 22:31:13,401 [INFO] PluginManage:359 - Loaded plugin ipmanager (category:base,tabindex:5)
2026-03-25 22:31:13,401 [INFO] PluginManage:310 - Check plugin lpbam
2026-03-25 22:31:13,410 [INFO] PluginManage:359 - Loaded plugin lpbam (category:base,tabindex:0)
2026-03-25 22:31:13,410 [INFO] PluginManage:310 - Check plugin memorymap
2026-03-25 22:31:13,425 [INFO] PluginManage:359 - Loaded plugin memorymap (category:base,tabindex:4)
2026-03-25 22:31:13,425 [INFO] PluginManage:310 - Check plugin pinoutandconfiguration
2026-03-25 22:31:13,435 [INFO] PluginManage:359 - Loaded plugin pinoutandconfiguration (category:base,tabindex:1)
2026-03-25 22:31:13,435 [INFO] PluginManage:310 - Check plugin pinoutconfig
2026-03-25 22:31:13,529 [WARN] SupportedApi:132 - Cannot load RTOS API schema: s4s-elt-must-match.1: The content of 'definitions' must match (annotation?, (simpleType | complexType)?, (unique | key | keyref)*)). A problem was found starting at: attribute.
2026-03-25 22:31:13,667 [INFO] PluginManage:359 - Loaded plugin pinoutconfig (category:base,tabindex:0)
2026-03-25 22:31:13,668 [INFO] PluginManage:310 - Check plugin power
2026-03-25 22:31:13,678 [INFO] PluginManage:359 - Loaded plugin power (category:power,tabindex:4)
2026-03-25 22:31:13,678 [INFO] PluginManage:310 - Check plugin projectmanager
2026-03-25 22:31:13,694 [INFO] PluginManage:359 - Loaded plugin projectmanager (category:projectmanager,tabindex:4)
2026-03-25 22:31:13,695 [INFO] PluginManage:310 - Check plugin rif
2026-03-25 22:31:13,706 [INFO] PluginManage:359 - Loaded plugin rif (category:base,tabindex:3)
2026-03-25 22:31:13,706 [INFO] PluginManage:310 - Check plugin thirdparty
2026-03-25 22:31:13,854 [INFO] PluginManage:359 - Loaded plugin thirdparty (category:base,tabindex:-1)
2026-03-25 22:31:13,854 [INFO] PluginManage:310 - Check plugin tools
2026-03-25 22:31:13,854 [WARN] IntegrityCheckThread:84 - waiting for thirdparty lock release [integrity check]
2026-03-25 22:31:13,855 [INFO] IntegrityCheckThread:86 - entering critical section [integrity check]
2026-03-25 22:31:13,855 [INFO] ThirdPartyUpdaterWithRetryManager:70 - Updater plugin not ready yet. [1/15]
2026-03-25 22:31:13,857 [INFO] PluginManage:359 - Loaded plugin tools (category:base,tabindex:7)
2026-03-25 22:31:13,857 [INFO] PluginManage:310 - Check plugin tutovideos
2026-03-25 22:31:14,108 [INFO] PluginManage:359 - Loaded plugin tutovideos (category:base,tabindex:-1)
2026-03-25 22:31:14,108 [INFO] PluginManage:310 - Check plugin updater
2026-03-25 22:31:14,132 [INFO] PluginManage:359 - Loaded plugin updater (category:base,tabindex:12)
2026-03-25 22:31:14,132 [INFO] PluginManage:310 - Check plugin userauth
2026-03-25 22:31:14,137 [INFO] UserAuth:118 - Init User Auth plugin
2026-03-25 22:31:14,137 [INFO] PluginManage:359 - Loaded plugin userauth (category:base,tabindex:14)
2026-03-25 22:31:14,138 [INFO] PluginManage:283 - PluginManage : Loaded plugins [18]
2026-03-25 22:31:14,372 [INFO] PinOutPanel:1589 - setPackage(No Configuration,No Configuration)
2026-03-25 22:31:14,461 [INFO] CADModel:165 - CPN selected for project level
2026-03-25 22:31:14,461 [INFO] CADModel:114 - Register for checkConnection events
2026-03-25 22:31:14,480 [INFO] IPUIPlugin:80 - create IPUIPlugin
2026-03-25 22:31:14,480 [INFO] PluginManager:220 - loadIPPluginJar : add adc
2026-03-25 22:31:14,484 [INFO] IPUIPlugin:80 - create IPUIPlugin
2026-03-25 22:31:14,485 [INFO] PluginManager:220 - loadIPPluginJar : add aes
2026-03-25 22:31:14,488 [INFO] IPUIPlugin:80 - create IPUIPlugin
2026-03-25 22:31:14,488 [INFO] PluginManager:220 - loadIPPluginJar : add can
2026-03-25 22:31:14,490 [INFO] IPUIPlugin:80 - create IPUIPlugin
2026-03-25 22:31:14,490 [INFO] PluginManager:220 - loadIPPluginJar : add comp
2026-03-25 22:31:14,492 [INFO] IPUIPlugin:80 - create IPUIPlugin
2026-03-25 22:31:14,493 [INFO] PluginManager:220 - loadIPPluginJar : add cryp
2026-03-25 22:31:14,496 [INFO] IPUIPlugin:80 - create IPUIPlugin
2026-03-25 22:31:14,496 [INFO] PluginManager:220 - loadIPPluginJar : add ddr_ctrl_phy
2026-03-25 22:31:14,499 [INFO] IPUIPlugin:80 - create IPUIPlugin
2026-03-25 22:31:14,499 [INFO] PluginManager:220 - loadIPPluginJar : add dfsdm
2026-03-25 22:31:14,506 [INFO] IPUIPlugin:80 - create IPUIPlugin
2026-03-25 22:31:14,507 [INFO] PluginManager:220 - loadIPPluginJar : add dma
2026-03-25 22:31:14,510 [INFO] IPUIPlugin:80 - create IPUIPlugin
2026-03-25 22:31:14,510 [INFO] PluginManager:220 - loadIPPluginJar : add dma3
2026-03-25 22:31:14,513 [INFO] IPUIPlugin:80 - create IPUIPlugin
2026-03-25 22:31:14,513 [INFO] PluginManager:220 - loadIPPluginJar : add extmemmanager
2026-03-25 22:31:14,515 [INFO] IPUIPlugin:80 - create IPUIPlugin
2026-03-25 22:31:14,515 [INFO] PluginManager:220 - loadIPPluginJar : add fatfs
2026-03-25 22:31:14,521 [INFO] IPUIPlugin:80 - create IPUIPlugin
2026-03-25 22:31:14,522 [INFO] PluginManager:220 - loadIPPluginJar : add fmc
2026-03-25 22:31:14,529 [INFO] IPUIPlugin:80 - create IPUIPlugin
2026-03-25 22:31:14,529 [INFO] PluginManager:220 - loadIPPluginJar : add freertos
2026-03-25 22:31:14,531 [INFO] IPUIPlugin:80 - create IPUIPlugin
2026-03-25 22:31:14,531 [INFO] PluginManager:220 - loadIPPluginJar : add genericplugin
2026-03-25 22:31:14,535 [INFO] IPUIPlugin:80 - create IPUIPlugin
2026-03-25 22:31:14,535 [INFO] PluginManager:220 - loadIPPluginJar : add gfxmmu
2026-03-25 22:31:14,539 [INFO] IPUIPlugin:80 - create IPUIPlugin
2026-03-25 22:31:14,539 [INFO] PluginManager:220 - loadIPPluginJar : add gic
2026-03-25 22:31:14,544 [INFO] IPUIPlugin:80 - create IPUIPlugin
2026-03-25 22:31:14,544 [INFO] PluginManager:220 - loadIPPluginJar : add gpio
2026-03-25 22:31:14,547 [INFO] IPUIPlugin:80 - create IPUIPlugin
2026-03-25 22:31:14,547 [INFO] PluginManager:220 - loadIPPluginJar : add gtzc
2026-03-25 22:31:14,551 [INFO] IPUIPlugin:80 - create IPUIPlugin
2026-03-25 22:31:14,551 [INFO] PluginManager:220 - loadIPPluginJar : add hash
2026-03-25 22:31:14,554 [INFO] IPUIPlugin:80 - create IPUIPlugin
2026-03-25 22:31:14,554 [INFO] PluginManager:220 - loadIPPluginJar : add i2c
2026-03-25 22:31:14,557 [INFO] IPUIPlugin:80 - create IPUIPlugin
2026-03-25 22:31:14,558 [INFO] PluginManager:220 - loadIPPluginJar : add i2s
2026-03-25 22:31:14,561 [INFO] IPUIPlugin:80 - create IPUIPlugin
2026-03-25 22:31:14,561 [INFO] PluginManager:220 - loadIPPluginJar : add i3c
2026-03-25 22:31:14,564 [INFO] IPUIPlugin:80 - create IPUIPlugin
2026-03-25 22:31:14,564 [INFO] PluginManager:220 - loadIPPluginJar : add ipddr
2026-03-25 22:31:14,573 [INFO] IPUIPlugin:80 - create IPUIPlugin
2026-03-25 22:31:14,573 [INFO] PluginManager:220 - loadIPPluginJar : add linkedlist
2026-03-25 22:31:14,576 [INFO] IPUIPlugin:80 - create IPUIPlugin
2026-03-25 22:31:14,576 [INFO] PluginManager:220 - loadIPPluginJar : add lorawan
2026-03-25 22:31:14,579 [INFO] IPUIPlugin:80 - create IPUIPlugin
2026-03-25 22:31:14,579 [INFO] PluginManager:220 - loadIPPluginJar : add ltdc
2026-03-25 22:31:14,587 [INFO] IPUIPlugin:80 - create IPUIPlugin
2026-03-25 22:31:14,587 [INFO] PluginManager:220 - loadIPPluginJar : add mdma
2026-03-25 22:31:14,592 [INFO] IPUIPlugin:80 - create IPUIPlugin
2026-03-25 22:31:14,592 [INFO] PluginManager:220 - loadIPPluginJar : add nvic
2026-03-25 22:31:14,595 [INFO] IPUIPlugin:80 - create IPUIPlugin
2026-03-25 22:31:14,595 [INFO] PluginManager:220 - loadIPPluginJar : add opamp
2026-03-25 22:31:14,599 [INFO] IPUIPlugin:80 - create IPUIPlugin
2026-03-25 22:31:14,599 [INFO] PluginManager:220 - loadIPPluginJar : add openamp
2026-03-25 22:31:14,603 [INFO] IPUIPlugin:80 - create IPUIPlugin
2026-03-25 22:31:14,603 [INFO] PluginManager:220 - loadIPPluginJar : add pdm2pcm
2026-03-25 22:31:14,609 [INFO] IPUIPlugin:80 - create IPUIPlugin
2026-03-25 22:31:14,612 [INFO] PluginManager:220 - loadIPPluginJar : add plateformsettings
2026-03-25 22:31:14,614 [INFO] IPUIPlugin:80 - create IPUIPlugin
2026-03-25 22:31:14,614 [INFO] PluginManager:220 - loadIPPluginJar : add quadspi
2026-03-25 22:31:14,617 [INFO] IPUIPlugin:80 - create IPUIPlugin
2026-03-25 22:31:14,618 [INFO] PluginManager:220 - loadIPPluginJar : add radio
2026-03-25 22:31:14,622 [INFO] IPUIPlugin:80 - create IPUIPlugin
2026-03-25 22:31:14,622 [INFO] PluginManager:220 - loadIPPluginJar : add resmgrutility
2026-03-25 22:31:14,627 [INFO] IPUIPlugin:80 - create IPUIPlugin
2026-03-25 22:31:14,627 [INFO] PluginManager:220 - loadIPPluginJar : add sai
2026-03-25 22:31:14,630 [INFO] IPUIPlugin:80 - create IPUIPlugin
2026-03-25 22:31:14,630 [INFO] PluginManager:220 - loadIPPluginJar : add spi
2026-03-25 22:31:14,637 [INFO] IPUIPlugin:80 - create IPUIPlugin
2026-03-25 22:31:14,637 [INFO] PluginManager:220 - loadIPPluginJar : add stm32_wpan
2026-03-25 22:31:14,639 [INFO] IPUIPlugin:80 - create IPUIPlugin
2026-03-25 22:31:14,639 [INFO] PluginManager:220 - loadIPPluginJar : add tim
2026-03-25 22:31:14,643 [INFO] IPUIPlugin:80 - create IPUIPlugin
2026-03-25 22:31:14,644 [INFO] PluginManager:220 - loadIPPluginJar : add touchsensing
2026-03-25 22:31:14,647 [INFO] IPUIPlugin:80 - create IPUIPlugin
2026-03-25 22:31:14,647 [INFO] PluginManager:220 - loadIPPluginJar : add tracer_emb
2026-03-25 22:31:14,650 [INFO] IPUIPlugin:80 - create IPUIPlugin
2026-03-25 22:31:14,650 [INFO] PluginManager:220 - loadIPPluginJar : add ts
2026-03-25 22:31:14,653 [INFO] IPUIPlugin:80 - create IPUIPlugin
2026-03-25 22:31:14,653 [INFO] PluginManager:220 - loadIPPluginJar : add tsc
2026-03-25 22:31:14,654 [INFO] IPUIPlugin:80 - create IPUIPlugin
2026-03-25 22:31:14,655 [INFO] PluginManager:220 - loadIPPluginJar : add ucpd
2026-03-25 22:31:14,657 [INFO] IPUIPlugin:80 - create IPUIPlugin
2026-03-25 22:31:14,658 [INFO] PluginManager:220 - loadIPPluginJar : add usart
2026-03-25 22:31:14,661 [INFO] IPUIPlugin:80 - create IPUIPlugin
2026-03-25 22:31:14,661 [INFO] PluginManager:220 - loadIPPluginJar : add usbx
2026-03-25 22:31:14,801 [FATAL] Updater:351 - Updater called before beeing initialized
2026-03-25 22:31:14,826 [INFO] RulesReader:64 - Compatibility file has been processed (317 Rules)
2026-03-25 22:31:14,837 [INFO] RulesReader:64 - Compatibility file has been processed (317 Rules)
2026-03-25 22:31:14,844 [INFO] CADModel:165 - CPN selected for project level
2026-03-25 22:31:14,844 [INFO] CADModel:114 - Register for checkConnection events
2026-03-25 22:31:14,844 [FATAL] Updater:351 - Updater called before beeing initialized
2026-03-25 22:31:14,844 [ERROR] CADModel:125 - Updater not yet initialized, retry later 
2026-03-25 22:31:14,992 [FATAL] Updater:351 - Updater called before beeing initialized
2026-03-25 22:31:14,994 [INFO] CADModel:165 - CPN selected for project level
2026-03-25 22:31:14,994 [INFO] CADModel:114 - Register for checkConnection events
2026-03-25 22:31:14,994 [FATAL] Updater:351 - Updater called before beeing initialized
2026-03-25 22:31:14,995 [ERROR] CADModel:125 - Updater not yet initialized, retry later 
2026-03-25 22:31:14,998 [FATAL] Updater:351 - Updater called before beeing initialized
2026-03-25 22:31:15,122 [FATAL] Updater:351 - Updater called before beeing initialized
2026-03-25 22:31:15,127 [INFO] DbMcusAds:53 - JSON generation date=Thu Mar 05 23:32:53 KST 2026 (1772721173054)
2026-03-25 22:31:15,127 [FATAL] Updater:351 - Updater called before beeing initialized
2026-03-25 22:31:15,166 [WARN] DetailPanel:346 - Failed to get advertising image, set to default
2026-03-25 22:31:15,266 [FATAL] Updater:351 - Updater called before beeing initialized
2026-03-25 22:31:15,268 [FATAL] Updater:351 - Updater called before beeing initialized
2026-03-25 22:31:15,268 [FATAL] Updater:351 - Updater called before beeing initialized
2026-03-25 22:31:15,268 [WARN] DetailPanel:346 - Failed to get advertising image, set to default
2026-03-25 22:31:15,269 [FATAL] Updater:351 - Updater called before beeing initialized
2026-03-25 22:31:15,320 [ERROR] Updater:1198 - MainUpdater not yet initialized. External WinMGr cannot be set.
2026-03-25 22:31:15,322 [INFO] Updater:1134 - Updater Version found : 6.15.0
2026-03-25 22:31:15,338 [INFO] ApplicationProperties:184 - Using Application install path: C:\ST\STM32CubeIDE_1.19.0\STM32CubeIDE\plugins\com.st.stm32cube.common.mx_6.15.0.202507011659
2026-03-25 22:31:16,028 [INFO] MainUpdater:2872 - connection check result : 10
2026-03-25 22:31:16,028 [INFO] MainUpdater:3604 - Updater definition file requires update
2026-03-25 22:31:16,029 [INFO] MainUpdater:289 - Updater Check For Update Now.
2026-03-25 22:31:16,029 [INFO] MicroXplorer:498 - Change Database Version : DB.6.0.150
2026-03-25 22:31:16,035 [INFO] McuFinderGlobals:63 - Set McuFinder mode to 2 (CubeIDE integrated)
2026-03-25 22:31:16,036 [INFO] UserAuth:487 - Internet connection configuration mode: 1
2026-03-25 22:31:16,057 [INFO] JxBrowserEngine:152 - Initiate JxBrowser Engine with user profile folder
2026-03-25 22:31:16,187 [INFO] ServerAccessManage:452 - Complete download http(s) 200
2026-03-25 22:31:16,188 [INFO] ServerAccessManage:509 - Download File updaters.zip
2026-03-25 22:31:16,595 [INFO] FileExtend:248 - Unzip File : updaters.zip
2026-03-25 22:31:16,595 [INFO] FileExtend:263 - Standard Zip Deflate
2026-03-25 22:31:16,868 [WARN] MainUpdater:1193 - Updater busy. Cannot search thirdparties
2026-03-25 22:31:16,868 [INFO] ThirdPartyUpdaterWithRetryManager:96 - Updater plugin is busy. [1/15]
2026-03-25 22:31:17,306 [INFO] ServerAccessManage:452 - Complete download http(s) 200
2026-03-25 22:31:17,306 [INFO] ServerAccessManage:509 - Download File PacksControlFlags.xml
2026-03-25 22:31:17,383 [INFO] WebApp:169 - Instantiating new browser for Auth
2026-03-25 22:31:17,502 [INFO] ServerAccessManage:452 - Complete download http(s) 200
2026-03-25 22:31:17,502 [INFO] ServerAccessManage:509 - Download File cubemx.pidx
2026-03-25 22:31:17,611 [INFO] LoadServerUpdatesThread:375 - End of LoadServerUpdate Thread
2026-03-25 22:31:17,783 [INFO] CheckServerUpdateThread:120 - End of CheckServer Thread
2026-03-25 22:31:19,192 [INFO] WebApp:463 - Apply proxy settings
2026-03-25 22:31:19,192 [INFO] WebApp:548 - Chromium requires no authentication
2026-03-25 22:31:19,212 [INFO] WebApp:491 - Direct internet connection detected
2026-03-25 22:31:19,252 [INFO] WebApp:900 - Register for checkConnection events
2026-03-25 22:31:19,252 [INFO] WebApp:463 - Apply proxy settings
2026-03-25 22:31:19,252 [INFO] WebApp:548 - Chromium requires no authentication
2026-03-25 22:31:19,253 [INFO] WebApp:491 - Direct internet connection detected
2026-03-25 22:31:19,472 [INFO] WebApp:225 - Starting web application
2026-03-25 22:31:19,472 [INFO] WebApp:593 - Web application path used C:\ST\STM32CubeIDE_1.19.0\STM32CubeIDE\plugins\com.st.stm32cube.common.mx_6.15.0.202507011659\db\plugins\mcufinder\reactClient1\index.html
2026-03-25 22:31:19,526 [INFO] WebApp:191 - Connection restablished
2026-03-25 22:31:19,791 [INFO] UserAuth:487 - Internet connection configuration mode: 1
2026-03-25 22:31:20,232 [WARN] PackLoader:240 - Cannot read IP mode file for STMicroelectronics.FP-SNS-MOTENVWB1.1.4.0
2026-03-25 22:31:20,241 [WARN] PackLoader:240 - Cannot read IP mode file for STMicroelectronics.FP-ATR-ASTRA1.2.0.2
2026-03-25 22:31:20,252 [WARN] PackLoader:240 - Cannot read IP mode file for STMicroelectronics.X-CUBE-SMBUS.2.1.0
2026-03-25 22:31:20,285 [WARN] PackLoader:240 - Cannot read IP mode file for STMicroelectronics.X-CUBE-AZRTOS-F7.1.1.0
2026-03-25 22:31:20,300 [WARN] PackLoader:240 - Cannot read IP mode file for WES.I-CUBE-Cesium.1.4.0
2026-03-25 22:31:20,332 [WARN] PackLoader:240 - Cannot read IP mode file for STMicroelectronics.X-CUBE-AZRTOS-H7.3.4.0
2026-03-25 22:31:20,350 [WARN] PackLoader:240 - Cannot read IP mode file for STMicroelectronics.X-CUBE-DISPLAY.3.0.0
2026-03-25 22:31:20,360 [WARN] PackLoader:240 - Cannot read IP mode file for STMicroelectronics.FP-SNS-MOTENVWB1.1.5.0
2026-03-25 22:31:20,371 [WARN] PackLoader:240 - Cannot read IP mode file for STMicroelectronics.X-CUBE-NFC10.1.0.0
2026-03-25 22:31:20,379 [WARN] PackLoader:240 - Cannot read IP mode file for STMicroelectronics.X-CUBE-ST60.1.1.0
2026-03-25 22:31:20,388 [WARN] PackLoader:240 - Cannot read IP mode file for emotas.I-CUBE-CANOPEN.1.3.0
2026-03-25 22:31:20,397 [WARN] PackLoader:240 - Cannot read IP mode file for STMicroelectronics.FP-SNS-STBOX1.2.1.0
2026-03-25 22:31:20,405 [WARN] PackLoader:240 - Cannot read IP mode file for STMicroelectronics.FP-SNS-SMARTAG2.1.2.0
2026-03-25 22:31:20,411 [WARN] PackLoader:240 - Cannot read IP mode file for STMicroelectronics.FP-SNS-FLIGHT1.5.1.0
2026-03-25 22:31:20,421 [INFO] LogOutputStream:77 - [STDOUT_REDIRECT] 1 : Invalid condition id : UX_CORESTACK_Condition cause : null
2026-03-25 22:31:20,422 [INFO] LogOutputStream:77 - [STDOUT_REDIRECT] 1 : Invalid condition id : UX_CORESTACK_Condition cause : null
2026-03-25 22:31:20,423 [INFO] LogOutputStream:77 - [STDOUT_REDIRECT] 1 : Invalid condition id : UX_CORESTACK_Condition cause : null
2026-03-25 22:31:20,425 [INFO] LogOutputStream:77 - [STDOUT_REDIRECT] 1 : Invalid condition id : UX_CORESTACK_Condition cause : null
2026-03-25 22:31:20,426 [INFO] LogOutputStream:77 - [STDOUT_REDIRECT] 1 : Invalid condition id : UX_CORESTACK_Condition cause : null
2026-03-25 22:31:20,429 [WARN] PackLoader:240 - Cannot read IP mode file for STMicroelectronics.X-CUBE-AZRTOS-WL.2.0.0
2026-03-25 22:31:20,449 [WARN] PackLoader:240 - Cannot read IP mode file for STMicroelectronics.X-CUBE-AZRTOS-H7RS.1.2.0
2026-03-25 22:31:20,459 [WARN] PackLoader:240 - Cannot read IP mode file for STMicroelectronics.X-CUBE-BLE2.3.3.0
2026-03-25 22:31:20,498 [WARN] PackLoader:240 - Cannot read IP mode file for Infineon.AIROC-Wi-Fi-Bluetooth-STM32.1.8.0
2026-03-25 22:31:20,510 [WARN] PackLoader:240 - Cannot read IP mode file for STMicroelectronics.X-CUBE-NFC9.1.0.0
2026-03-25 22:31:20,517 [WARN] PackLoader:240 - Cannot read IP mode file for STMicroelectronics.X-CUBE-BLE1.7.1.0
2026-03-25 22:31:20,524 [WARN] PackLoader:240 - Cannot read IP mode file for wolfSSL.I-CUBE-wolfMQTT.1.19.2
2026-03-25 22:31:20,530 [WARN] PackLoader:240 - Cannot read IP mode file for STMicroelectronics.X-CUBE-EEPRMA1.5.2.0
2026-03-25 22:31:20,538 [WARN] PackLoader:240 - Cannot read IP mode file for wolfSSL.I-CUBE-wolfSSL.5.8.4
2026-03-25 22:31:20,543 [WARN] PackLoader:240 - Cannot read IP mode file for Cesanta.I-CUBE-Mongoose.7.20.0
2026-03-25 22:31:20,547 [WARN] PackLoader:240 - Cannot read IP mode file for STMicroelectronics.X-CUBE-ST67W61.1.1.0
2026-03-25 22:31:20,564 [WARN] PackLoader:240 - Cannot read IP mode file for STMicroelectronics.X-CUBE-AZRTOS-G0.1.1.0
2026-03-25 22:31:20,573 [WARN] PackLoader:240 - Cannot read IP mode file for STMicroelectronics.X-CUBE-NFC4.3.0.0
2026-03-25 22:31:20,583 [WARN] PackLoader:240 - Cannot read IP mode file for EmbeddedOffice.I-CUBE-FS-RTOS.1.0.1
2026-03-25 22:31:20,589 [WARN] PackLoader:240 - Cannot read IP mode file for STMicroelectronics.X-CUBE-WB05N.2.0.0
2026-03-25 22:31:20,595 [WARN] PackLoader:240 - Cannot read IP mode file for wolfSSL.I-CUBE-wolfTPM.3.8.0
2026-03-25 22:31:20,600 [WARN] PackLoader:240 - Cannot read IP mode file for STMicroelectronics.X-CUBE-TCPP.4.2.0
2026-03-25 22:31:20,608 [WARN] PackLoader:240 - Cannot read IP mode file for RealThread.X-CUBE-RT-Thread_Nano.4.1.1
2026-03-25 22:31:20,612 [WARN] PackLoader:240 - Cannot read IP mode file for STMicroelectronics.FP-ATR-SIGFOX1.3.2.0
2026-03-25 22:31:20,620 [WARN] PackLoader:240 - Cannot read IP mode file for ITTIA_DB.I-CUBE-ITTIADB.8.9.0
2026-03-25 22:31:20,626 [WARN] PackLoader:240 - Cannot read IP mode file for STMicroelectronics.X-CUBE-NFC6.3.2.0
2026-03-25 22:31:20,635 [WARN] PackLoader:240 - Cannot read IP mode file for STMicroelectronics.X-CUBE-AI.10.2.0
2026-03-25 22:31:20,664 [WARN] PackLoader:240 - Cannot read IP mode file for SEGGER.I-CUBE-embOS.1.3.1
2026-03-25 22:31:20,713 [WARN] PackLoader:240 - Cannot read IP mode file for STMicroelectronics.X-CUBE-ALGOBUILD.1.4.0
2026-03-25 22:31:20,720 [WARN] PackLoader:240 - Cannot read IP mode file for STMicroelectronics.X-CUBE-PM33A1.1.0.0
2026-03-25 22:31:20,738 [WARN] PackLoader:240 - Cannot read IP mode file for STMicroelectronics.X-CUBE-AZRTOS-F4.1.1.0
2026-03-25 22:31:20,745 [WARN] PackLoader:240 - Cannot read IP mode file for STMicroelectronics.X-CUBE-ISPU.2.1.0
2026-03-25 22:31:20,756 [WARN] PackLoader:240 - Cannot read IP mode file for STMicroelectronics.X-CUBE-IPS.3.2.0
2026-03-25 22:31:20,770 [WARN] PackLoader:240 - Cannot read IP mode file for STMicroelectronics.X-CUBE-NFC12.1.0.0
2026-03-25 22:31:20,788 [WARN] PackLoader:240 - Cannot read IP mode file for STMicroelectronics.X-CUBE-AZRTOS-L5.2.0.0
2026-03-25 22:31:20,796 [WARN] PackLoader:240 - Cannot read IP mode file for STMicroelectronics.X-CUBE-NFC6.3.1.0
2026-03-25 22:31:20,805 [WARN] PackLoader:240 - Cannot read IP mode file for STMicroelectronics.X-CUBE-TOUCHGFX.4.26.0
2026-03-25 22:31:20,810 [WARN] PackLoader:240 - Cannot read IP mode file for STMicroelectronics.FP-SNS-STAIOTCFT.1.0.0
2026-03-25 22:31:20,815 [WARN] PackLoader:240 - Cannot read IP mode file for STMicroelectronics.X-CUBE-DPower.1.3.0
2026-03-25 22:31:20,830 [WARN] ConditionMgr:438 - getConditionDescription Invalid condition id : LAN8742 Phy interface Condition cause : null
2026-03-25 22:31:20,830 [WARN] PackLoader:240 - Cannot read IP mode file for STMicroelectronics.X-CUBE-AZRTOS-L4.2.0.0
2026-03-25 22:31:20,831 [WARN] ConditionMgr:1044 - genDependencies : Invalid condition id : LAN8742 Phy interface Condition cause : null
2026-03-25 22:31:20,831 [WARN] ConditionMgr:1044 - genDependencies : Invalid condition id : LAN8742 Phy interface Condition cause : null
2026-03-25 22:31:20,832 [WARN] ConditionMgr:1044 - genDependencies : Invalid condition id : LAN8742 Phy interface Condition cause : null
2026-03-25 22:31:20,841 [WARN] PackLoader:240 - Cannot read IP mode file for STMicroelectronics.X-CUBE-SFXS2LP1.4.0.0
2026-03-25 22:31:20,846 [WARN] PackLoader:240 - Cannot read IP mode file for STMicroelectronics.X-CUBE-ST67W61.1.2.0
2026-03-25 22:31:20,856 [WARN] PackLoader:240 - Cannot read IP mode file for STMicroelectronics.X-CUBE-BLEMGR.4.1.0
2026-03-25 22:31:20,867 [WARN] ConditionMgr:438 - getConditionDescription Invalid condition id : UX DEVICE CLASS RTOS Condition cause : null
2026-03-25 22:31:20,867 [WARN] ConditionMgr:438 - getConditionDescription Invalid condition id : UX DEVICE CLASS RTOS Condition cause : null
2026-03-25 22:31:20,870 [WARN] PackLoader:240 - Cannot read IP mode file for STMicroelectronics.X-CUBE-AZRTOS-WB.2.0.0
2026-03-25 22:31:20,870 [WARN] ConditionMgr:1044 - genDependencies : Invalid condition id : UX DEVICE CLASS RTOS Condition cause : null
2026-03-25 22:31:20,870 [WARN] ConditionMgr:1044 - genDependencies : Invalid condition id : UX DEVICE CLASS RTOS Condition cause : null
2026-03-25 22:31:20,871 [WARN] ConditionMgr:1044 - genDependencies : Invalid condition id : UX DEVICE CLASS RTOS Condition cause : null
2026-03-25 22:31:20,871 [WARN] ConditionMgr:1044 - genDependencies : Invalid condition id : UX DEVICE CLASS RTOS Condition cause : null
2026-03-25 22:31:20,871 [WARN] ConditionMgr:1044 - genDependencies : Invalid condition id : UX DEVICE CLASS RTOS Condition cause : null
2026-03-25 22:31:20,876 [WARN] ConditionMgr:438 - getConditionDescription Invalid condition id : Cortex-A Device cause : null
2026-03-25 22:31:20,883 [WARN] ConditionMgr:1044 - genDependencies : Invalid condition id : Cortex-A Device cause : null
2026-03-25 22:31:20,883 [WARN] ConditionMgr:1044 - genDependencies : Invalid condition id : Cortex-A Device cause : null
2026-03-25 22:31:20,883 [WARN] ConditionMgr:1044 - genDependencies : Invalid condition id : Cortex-A Device cause : null
2026-03-25 22:31:20,891 [WARN] PackLoader:240 - Cannot read IP mode file for STMicroelectronics.X-CUBE-STSE01.2.0.0
2026-03-25 22:31:20,926 [WARN] PackLoader:240 - Cannot read IP mode file for STMicroelectronics.X-CUBE-SUBG2.5.0.0
2026-03-25 22:31:20,943 [WARN] PackLoader:240 - Cannot read IP mode file for STMicroelectronics.X-CUBE-AZRTOS-G4.2.0.0
2026-03-25 22:31:20,949 [WARN] PackLoader:240 - Cannot read IP mode file for wolfSSL.I-CUBE-wolfSSH.1.4.20
2026-03-25 22:31:20,956 [WARN] PackLoader:240 - Cannot read IP mode file for STMicroelectronics.X-CUBE-NFC7.2.0.0
2026-03-25 22:31:20,961 [WARN] PackLoader:240 - Cannot read IP mode file for STMicroelectronics.X-CUBE-ALS.1.0.2
2026-03-25 22:31:20,966 [WARN] PackLoader:240 - Cannot read IP mode file for STMicroelectronics.X-CUBE-STSE01.1.0.0
2026-03-25 22:31:20,977 [WARN] PackLoader:240 - Cannot read IP mode file for STMicroelectronics.X-CUBE-TOF1.3.4.3
2026-03-25 22:31:20,988 [INFO] ThirdParty:978 - Integrity check success = true
2026-03-25 22:31:20,988 [INFO] IntegrityCheckThread:100 - exiting critical section [integrity check]
2026-03-25 22:31:20,988 [INFO] IntegrityCheckThread:103 - End integrity checks thread
