2026-03-27 05:48:51,612 [INFO] Activator:176 - 


2026-03-27 05:48:51,617 [INFO] Activator:177 - !SESSION log4j initialized
2026-03-27 05:48:54,431 [INFO] LogOutputStream:77 - [STDOUT_REDIRECT] 
2026-03-27 05:48:57,704 [INFO] ApplicationProperties:184 - Using Application install path: C:\ST\STM32CubeIDE_1.19.0\STM32CubeIDE\plugins\com.st.stm32cube.common.mx_6.15.0.202507011659
2026-03-27 05:48:57,736 [INFO] DbMcusXml:78 - Set database path to: C:\ST\STM32CubeIDE_1.19.0\STM32CubeIDE\plugins\com.st.stm32cube.common.mx_6.15.0.202507011659\\db\/mcu/
2026-03-27 05:48:57,736 [INFO] ApiDb:274 - Set plugin database path to: C:\ST\STM32CubeIDE_1.19.0\STM32CubeIDE\plugins\com.st.stm32cube.common.mx_6.15.0.202507011659\\db\/plugins/boardmanager/
2026-03-27 05:48:57,737 [WARN] ApiDb:259 - Overriding images path with different value:  => C:\ST\STM32CubeIDE_1.19.0\STM32CubeIDE\plugins\com.st.stm32cube.common.mx_6.15.0.202507011659\\db\/plugins/mcufinder/images/
2026-03-27 05:48:57,748 [INFO] ApiDb:250 - Set database path to: C:\Users\LeeJooHo\.stmcufinder\plugins\mcufinder//mcu/
2026-03-27 05:48:57,749 [INFO] DbMcusAds:125 - Set database path to: C:\Users\LeeJooHo\.stmcufinder\plugins\mcufinder//mcu/
2026-03-27 05:48:57,753 [INFO] CrossReferenceDbSqlite:203 - Set database path to: C:\Users\LeeJooHo\.stmcufinder\plugins\mcufinder//mcu/cs/
2026-03-27 05:48:57,951 [INFO] RulesReader:64 - Compatibility file has been processed (317 Rules)
2026-03-27 05:48:58,148 [INFO] DbMcusXml:78 - Set database path to: C:\ST\STM32CubeIDE_1.19.0\STM32CubeIDE\plugins\com.st.stm32cube.common.mx_6.15.0.202507011659\\db\/mcu/
2026-03-27 05:48:58,148 [INFO] ApiDb:274 - Set plugin database path to: C:\ST\STM32CubeIDE_1.19.0\STM32CubeIDE\plugins\com.st.stm32cube.common.mx_6.15.0.202507011659\\db\/plugins/boardmanager/
2026-03-27 05:48:58,148 [INFO] ApiDb:261 - Set plugin images path to: C:\ST\STM32CubeIDE_1.19.0\STM32CubeIDE\plugins\com.st.stm32cube.common.mx_6.15.0.202507011659\\db\/plugins/mcufinder/images/
2026-03-27 05:48:58,149 [WARN] DbFile:41 - Overriding database path with different value: C:\Users\LeeJooHo\.stmcufinder\plugins\mcufinder/ => C:\Users\LeeJooHo\.stmcufinder\plugins\mcufinder
2026-03-27 05:48:58,149 [INFO] ApiDb:250 - Set database path to: C:\Users\LeeJooHo\.stmcufinder\plugins\mcufinder//mcu/
2026-03-27 05:48:58,149 [WARN] DbFile:41 - Overriding database path with different value: C:\Users\LeeJooHo\.stmcufinder\plugins\mcufinder/ => C:\Users\LeeJooHo\.stmcufinder\plugins\mcufinder
2026-03-27 05:48:58,149 [INFO] DbMcusAds:125 - Set database path to: C:\Users\LeeJooHo\.stmcufinder\plugins\mcufinder//mcu/
2026-03-27 05:48:58,149 [WARN] DbFile:41 - Overriding database path with different value: C:\Users\LeeJooHo\.stmcufinder\plugins\mcufinder/ => C:\Users\LeeJooHo\.stmcufinder\plugins\mcufinder
2026-03-27 05:48:58,149 [WARN] DbFile:41 - Overriding database path with different value: C:\Users\LeeJooHo\.stmcufinder\plugins\mcufinder/ => C:\Users\LeeJooHo\.stmcufinder\plugins\mcufinder
2026-03-27 05:48:58,149 [INFO] CrossReferenceDbSqlite:203 - Set database path to: C:\Users\LeeJooHo\.stmcufinder\plugins\mcufinder//mcu/cs/
2026-03-27 05:48:58,377 [INFO] MainPanel:274 - HeapMemory: 268435456
2026-03-27 05:48:58,513 [INFO] DbMcusXml:78 - Set database path to: C:\ST\STM32CubeIDE_1.19.0\STM32CubeIDE\plugins\com.st.stm32cube.common.mx_6.15.0.202507011659\\db\/mcu/
2026-03-27 05:48:58,513 [INFO] ApiDb:274 - Set plugin database path to: C:\ST\STM32CubeIDE_1.19.0\STM32CubeIDE\plugins\com.st.stm32cube.common.mx_6.15.0.202507011659\\db\/plugins/boardmanager/
2026-03-27 05:48:58,513 [INFO] ApiDb:261 - Set plugin images path to: C:\ST\STM32CubeIDE_1.19.0\STM32CubeIDE\plugins\com.st.stm32cube.common.mx_6.15.0.202507011659\\db\/plugins/mcufinder/images/
2026-03-27 05:48:58,514 [WARN] DbFile:41 - Overriding database path with different value: C:\Users\LeeJooHo\.stmcufinder\plugins\mcufinder/ => C:\Users\LeeJooHo\.stmcufinder\plugins\mcufinder
2026-03-27 05:48:58,514 [INFO] ApiDb:250 - Set database path to: C:\Users\LeeJooHo\.stmcufinder\plugins\mcufinder//mcu/
2026-03-27 05:48:58,514 [WARN] DbFile:41 - Overriding database path with different value: C:\Users\LeeJooHo\.stmcufinder\plugins\mcufinder/ => C:\Users\LeeJooHo\.stmcufinder\plugins\mcufinder
2026-03-27 05:48:58,514 [INFO] DbMcusAds:125 - Set database path to: C:\Users\LeeJooHo\.stmcufinder\plugins\mcufinder//mcu/
2026-03-27 05:48:58,514 [WARN] DbFile:41 - Overriding database path with different value: C:\Users\LeeJooHo\.stmcufinder\plugins\mcufinder/ => C:\Users\LeeJooHo\.stmcufinder\plugins\mcufinder
2026-03-27 05:48:58,514 [WARN] DbFile:41 - Overriding database path with different value: C:\Users\LeeJooHo\.stmcufinder\plugins\mcufinder/ => C:\Users\LeeJooHo\.stmcufinder\plugins\mcufinder
2026-03-27 05:48:58,514 [INFO] CrossReferenceDbSqlite:203 - Set database path to: C:\Users\LeeJooHo\.stmcufinder\plugins\mcufinder//mcu/cs/
2026-03-27 05:48:58,535 [INFO] ApplicationProperties:184 - Using Application install path: C:\ST\STM32CubeIDE_1.19.0\STM32CubeIDE\plugins\com.st.stm32cube.common.mx_6.15.0.202507011659
2026-03-27 05:48:58,535 [INFO] PluginManage:196 - Search for loadable plugins [exclusion list=, ]
2026-03-27 05:48:58,541 [INFO] PluginManage:310 - Check plugin analytics
2026-03-27 05:48:58,818 [INFO] AnalyticsPlugin:253 - Accepted Software Licenses: STM32CubeMX.6.16.1
2026-03-27 05:48:58,818 [INFO] AnalyticsPlugin:255 - Accepted CMSIS Pack Licenses: 
2026-03-27 05:48:58,818 [INFO] AnalyticsPlugin:257 - Accepted Firmware Licenses: FW.F4.1.28.0
2026-03-27 05:48:58,821 [INFO] PluginManage:359 - Loaded plugin analytics (category:tool,tabindex:-1)
2026-03-27 05:48:58,821 [INFO] PluginManage:310 - Check plugin cadmodel
2026-03-27 05:48:58,838 [INFO] CADModel:105 - Init CAD model plugin
2026-03-27 05:48:58,838 [INFO] PluginManage:359 - Loaded plugin cadmodel (category:power,tabindex:5)
2026-03-27 05:48:58,838 [INFO] PluginManage:310 - Check plugin clock
2026-03-27 05:48:58,850 [INFO] PluginManage:359 - Loaded plugin clock (category:base,tabindex:2)
2026-03-27 05:48:58,850 [INFO] PluginManage:310 - Check plugin ddr
2026-03-27 05:48:58,862 [INFO] PluginManage:359 - Loaded plugin ddr (category:tool,tabindex:6)
2026-03-27 05:48:58,862 [INFO] PluginManage:310 - Check plugin filemanager
2026-03-27 05:48:59,045 [INFO] PluginManage:359 - Loaded plugin filemanager (category:base,tabindex:10)
2026-03-27 05:48:59,045 [INFO] PluginManage:310 - Check plugin ipmanager
2026-03-27 05:48:59,051 [INFO] PluginManage:359 - Loaded plugin ipmanager (category:base,tabindex:5)
2026-03-27 05:48:59,052 [INFO] PluginManage:310 - Check plugin lpbam
2026-03-27 05:48:59,061 [INFO] PluginManage:359 - Loaded plugin lpbam (category:base,tabindex:0)
2026-03-27 05:48:59,061 [INFO] PluginManage:310 - Check plugin memorymap
2026-03-27 05:48:59,076 [INFO] PluginManage:359 - Loaded plugin memorymap (category:base,tabindex:4)
2026-03-27 05:48:59,077 [INFO] PluginManage:310 - Check plugin pinoutandconfiguration
2026-03-27 05:48:59,086 [INFO] PluginManage:359 - Loaded plugin pinoutandconfiguration (category:base,tabindex:1)
2026-03-27 05:48:59,086 [INFO] PluginManage:310 - Check plugin pinoutconfig
2026-03-27 05:48:59,194 [WARN] SupportedApi:132 - Cannot load RTOS API schema: s4s-elt-must-match.1: The content of 'definitions' must match (annotation?, (simpleType | complexType)?, (unique | key | keyref)*)). A problem was found starting at: attribute.
2026-03-27 05:48:59,369 [INFO] PluginManage:359 - Loaded plugin pinoutconfig (category:base,tabindex:0)
2026-03-27 05:48:59,369 [INFO] PluginManage:310 - Check plugin power
2026-03-27 05:48:59,380 [INFO] PluginManage:359 - Loaded plugin power (category:power,tabindex:4)
2026-03-27 05:48:59,380 [INFO] PluginManage:310 - Check plugin projectmanager
2026-03-27 05:48:59,403 [INFO] PluginManage:359 - Loaded plugin projectmanager (category:projectmanager,tabindex:4)
2026-03-27 05:48:59,403 [INFO] PluginManage:310 - Check plugin rif
2026-03-27 05:48:59,414 [INFO] PluginManage:359 - Loaded plugin rif (category:base,tabindex:3)
2026-03-27 05:48:59,415 [INFO] PluginManage:310 - Check plugin thirdparty
2026-03-27 05:48:59,618 [INFO] PluginManage:359 - Loaded plugin thirdparty (category:base,tabindex:-1)
2026-03-27 05:48:59,619 [INFO] PluginManage:310 - Check plugin tools
2026-03-27 05:48:59,618 [WARN] IntegrityCheckThread:84 - waiting for thirdparty lock release [integrity check]
2026-03-27 05:48:59,619 [INFO] IntegrityCheckThread:86 - entering critical section [integrity check]
2026-03-27 05:48:59,619 [INFO] ThirdPartyUpdaterWithRetryManager:70 - Updater plugin not ready yet. [1/15]
2026-03-27 05:48:59,621 [INFO] PluginManage:359 - Loaded plugin tools (category:base,tabindex:7)
2026-03-27 05:48:59,621 [INFO] PluginManage:310 - Check plugin tutovideos
2026-03-27 05:48:59,903 [INFO] PluginManage:359 - Loaded plugin tutovideos (category:base,tabindex:-1)
2026-03-27 05:48:59,903 [INFO] PluginManage:310 - Check plugin updater
2026-03-27 05:48:59,934 [INFO] PluginManage:359 - Loaded plugin updater (category:base,tabindex:12)
2026-03-27 05:48:59,934 [INFO] PluginManage:310 - Check plugin userauth
2026-03-27 05:48:59,938 [INFO] UserAuth:118 - Init User Auth plugin
2026-03-27 05:48:59,939 [INFO] PluginManage:359 - Loaded plugin userauth (category:base,tabindex:14)
2026-03-27 05:48:59,939 [INFO] PluginManage:283 - PluginManage : Loaded plugins [18]
2026-03-27 05:49:00,184 [INFO] PinOutPanel:1589 - setPackage(No Configuration,No Configuration)
2026-03-27 05:49:00,280 [INFO] CADModel:165 - CPN selected for project level
2026-03-27 05:49:00,280 [INFO] CADModel:114 - Register for checkConnection events
2026-03-27 05:49:00,303 [INFO] IPUIPlugin:80 - create IPUIPlugin
2026-03-27 05:49:00,304 [INFO] PluginManager:220 - loadIPPluginJar : add adc
2026-03-27 05:49:00,306 [INFO] IPUIPlugin:80 - create IPUIPlugin
2026-03-27 05:49:00,306 [INFO] PluginManager:220 - loadIPPluginJar : add aes
2026-03-27 05:49:00,310 [INFO] IPUIPlugin:80 - create IPUIPlugin
2026-03-27 05:49:00,310 [INFO] PluginManager:220 - loadIPPluginJar : add can
2026-03-27 05:49:00,312 [INFO] IPUIPlugin:80 - create IPUIPlugin
2026-03-27 05:49:00,312 [INFO] PluginManager:220 - loadIPPluginJar : add comp
2026-03-27 05:49:00,314 [INFO] IPUIPlugin:80 - create IPUIPlugin
2026-03-27 05:49:00,314 [INFO] PluginManager:220 - loadIPPluginJar : add cryp
2026-03-27 05:49:00,317 [INFO] IPUIPlugin:80 - create IPUIPlugin
2026-03-27 05:49:00,317 [INFO] PluginManager:220 - loadIPPluginJar : add ddr_ctrl_phy
2026-03-27 05:49:00,320 [INFO] IPUIPlugin:80 - create IPUIPlugin
2026-03-27 05:49:00,320 [INFO] PluginManager:220 - loadIPPluginJar : add dfsdm
2026-03-27 05:49:00,332 [INFO] IPUIPlugin:80 - create IPUIPlugin
2026-03-27 05:49:00,332 [INFO] PluginManager:220 - loadIPPluginJar : add dma
2026-03-27 05:49:00,335 [INFO] IPUIPlugin:80 - create IPUIPlugin
2026-03-27 05:49:00,335 [INFO] PluginManager:220 - loadIPPluginJar : add dma3
2026-03-27 05:49:00,338 [INFO] IPUIPlugin:80 - create IPUIPlugin
2026-03-27 05:49:00,338 [INFO] PluginManager:220 - loadIPPluginJar : add extmemmanager
2026-03-27 05:49:00,341 [INFO] IPUIPlugin:80 - create IPUIPlugin
2026-03-27 05:49:00,341 [INFO] PluginManager:220 - loadIPPluginJar : add fatfs
2026-03-27 05:49:00,345 [INFO] IPUIPlugin:80 - create IPUIPlugin
2026-03-27 05:49:00,346 [INFO] PluginManager:220 - loadIPPluginJar : add fmc
2026-03-27 05:49:00,352 [INFO] IPUIPlugin:80 - create IPUIPlugin
2026-03-27 05:49:00,352 [INFO] PluginManager:220 - loadIPPluginJar : add freertos
2026-03-27 05:49:00,353 [INFO] IPUIPlugin:80 - create IPUIPlugin
2026-03-27 05:49:00,354 [INFO] PluginManager:220 - loadIPPluginJar : add genericplugin
2026-03-27 05:49:00,357 [INFO] IPUIPlugin:80 - create IPUIPlugin
2026-03-27 05:49:00,357 [INFO] PluginManager:220 - loadIPPluginJar : add gfxmmu
2026-03-27 05:49:00,367 [INFO] IPUIPlugin:80 - create IPUIPlugin
2026-03-27 05:49:00,367 [INFO] PluginManager:220 - loadIPPluginJar : add gic
2026-03-27 05:49:00,371 [INFO] IPUIPlugin:80 - create IPUIPlugin
2026-03-27 05:49:00,371 [INFO] PluginManager:220 - loadIPPluginJar : add gpio
2026-03-27 05:49:00,375 [INFO] IPUIPlugin:80 - create IPUIPlugin
2026-03-27 05:49:00,376 [INFO] PluginManager:220 - loadIPPluginJar : add gtzc
2026-03-27 05:49:00,378 [INFO] IPUIPlugin:80 - create IPUIPlugin
2026-03-27 05:49:00,378 [INFO] PluginManager:220 - loadIPPluginJar : add hash
2026-03-27 05:49:00,382 [INFO] IPUIPlugin:80 - create IPUIPlugin
2026-03-27 05:49:00,382 [INFO] PluginManager:220 - loadIPPluginJar : add i2c
2026-03-27 05:49:00,384 [INFO] IPUIPlugin:80 - create IPUIPlugin
2026-03-27 05:49:00,385 [INFO] PluginManager:220 - loadIPPluginJar : add i2s
2026-03-27 05:49:00,387 [INFO] IPUIPlugin:80 - create IPUIPlugin
2026-03-27 05:49:00,387 [INFO] PluginManager:220 - loadIPPluginJar : add i3c
2026-03-27 05:49:00,395 [INFO] IPUIPlugin:80 - create IPUIPlugin
2026-03-27 05:49:00,396 [INFO] PluginManager:220 - loadIPPluginJar : add ipddr
2026-03-27 05:49:00,402 [INFO] IPUIPlugin:80 - create IPUIPlugin
2026-03-27 05:49:00,402 [INFO] PluginManager:220 - loadIPPluginJar : add linkedlist
2026-03-27 05:49:00,408 [INFO] IPUIPlugin:80 - create IPUIPlugin
2026-03-27 05:49:00,408 [INFO] PluginManager:220 - loadIPPluginJar : add lorawan
2026-03-27 05:49:00,410 [INFO] IPUIPlugin:80 - create IPUIPlugin
2026-03-27 05:49:00,410 [INFO] PluginManager:220 - loadIPPluginJar : add ltdc
2026-03-27 05:49:00,415 [INFO] IPUIPlugin:80 - create IPUIPlugin
2026-03-27 05:49:00,415 [INFO] PluginManager:220 - loadIPPluginJar : add mdma
2026-03-27 05:49:00,419 [INFO] IPUIPlugin:80 - create IPUIPlugin
2026-03-27 05:49:00,419 [INFO] PluginManager:220 - loadIPPluginJar : add nvic
2026-03-27 05:49:00,422 [INFO] IPUIPlugin:80 - create IPUIPlugin
2026-03-27 05:49:00,422 [INFO] PluginManager:220 - loadIPPluginJar : add opamp
2026-03-27 05:49:00,434 [INFO] IPUIPlugin:80 - create IPUIPlugin
2026-03-27 05:49:00,434 [INFO] PluginManager:220 - loadIPPluginJar : add openamp
2026-03-27 05:49:00,439 [INFO] IPUIPlugin:80 - create IPUIPlugin
2026-03-27 05:49:00,439 [INFO] PluginManager:220 - loadIPPluginJar : add pdm2pcm
2026-03-27 05:49:00,446 [INFO] IPUIPlugin:80 - create IPUIPlugin
2026-03-27 05:49:00,448 [INFO] PluginManager:220 - loadIPPluginJar : add plateformsettings
2026-03-27 05:49:00,451 [INFO] IPUIPlugin:80 - create IPUIPlugin
2026-03-27 05:49:00,451 [INFO] PluginManager:220 - loadIPPluginJar : add quadspi
2026-03-27 05:49:00,453 [INFO] IPUIPlugin:80 - create IPUIPlugin
2026-03-27 05:49:00,453 [INFO] PluginManager:220 - loadIPPluginJar : add radio
2026-03-27 05:49:00,459 [INFO] IPUIPlugin:80 - create IPUIPlugin
2026-03-27 05:49:00,459 [INFO] PluginManager:220 - loadIPPluginJar : add resmgrutility
2026-03-27 05:49:00,468 [INFO] IPUIPlugin:80 - create IPUIPlugin
2026-03-27 05:49:00,468 [INFO] PluginManager:220 - loadIPPluginJar : add sai
2026-03-27 05:49:00,472 [INFO] IPUIPlugin:80 - create IPUIPlugin
2026-03-27 05:49:00,472 [INFO] PluginManager:220 - loadIPPluginJar : add spi
2026-03-27 05:49:00,479 [INFO] IPUIPlugin:80 - create IPUIPlugin
2026-03-27 05:49:00,479 [INFO] PluginManager:220 - loadIPPluginJar : add stm32_wpan
2026-03-27 05:49:00,481 [INFO] IPUIPlugin:80 - create IPUIPlugin
2026-03-27 05:49:00,481 [INFO] PluginManager:220 - loadIPPluginJar : add tim
2026-03-27 05:49:00,485 [INFO] IPUIPlugin:80 - create IPUIPlugin
2026-03-27 05:49:00,485 [INFO] PluginManager:220 - loadIPPluginJar : add touchsensing
2026-03-27 05:49:00,487 [INFO] IPUIPlugin:80 - create IPUIPlugin
2026-03-27 05:49:00,487 [INFO] PluginManager:220 - loadIPPluginJar : add tracer_emb
2026-03-27 05:49:00,490 [INFO] IPUIPlugin:80 - create IPUIPlugin
2026-03-27 05:49:00,490 [INFO] PluginManager:220 - loadIPPluginJar : add ts
2026-03-27 05:49:00,498 [INFO] IPUIPlugin:80 - create IPUIPlugin
2026-03-27 05:49:00,498 [INFO] PluginManager:220 - loadIPPluginJar : add tsc
2026-03-27 05:49:00,501 [INFO] IPUIPlugin:80 - create IPUIPlugin
2026-03-27 05:49:00,501 [INFO] PluginManager:220 - loadIPPluginJar : add ucpd
2026-03-27 05:49:00,509 [INFO] IPUIPlugin:80 - create IPUIPlugin
2026-03-27 05:49:00,509 [INFO] PluginManager:220 - loadIPPluginJar : add usart
2026-03-27 05:49:00,512 [INFO] IPUIPlugin:80 - create IPUIPlugin
2026-03-27 05:49:00,512 [INFO] PluginManager:220 - loadIPPluginJar : add usbx
2026-03-27 05:49:00,681 [FATAL] Updater:351 - Updater called before beeing initialized
2026-03-27 05:49:00,734 [INFO] RulesReader:64 - Compatibility file has been processed (317 Rules)
2026-03-27 05:49:00,753 [INFO] RulesReader:64 - Compatibility file has been processed (317 Rules)
2026-03-27 05:49:00,779 [INFO] CADModel:165 - CPN selected for project level
2026-03-27 05:49:00,779 [INFO] CADModel:114 - Register for checkConnection events
2026-03-27 05:49:00,779 [FATAL] Updater:351 - Updater called before beeing initialized
2026-03-27 05:49:00,779 [ERROR] CADModel:125 - Updater not yet initialized, retry later 
2026-03-27 05:49:00,981 [FATAL] Updater:351 - Updater called before beeing initialized
2026-03-27 05:49:00,983 [INFO] CADModel:165 - CPN selected for project level
2026-03-27 05:49:00,983 [INFO] CADModel:114 - Register for checkConnection events
2026-03-27 05:49:00,983 [FATAL] Updater:351 - Updater called before beeing initialized
2026-03-27 05:49:00,983 [ERROR] CADModel:125 - Updater not yet initialized, retry later 
2026-03-27 05:49:00,987 [FATAL] Updater:351 - Updater called before beeing initialized
2026-03-27 05:49:01,161 [FATAL] Updater:351 - Updater called before beeing initialized
2026-03-27 05:49:01,165 [INFO] DbMcusAds:53 - JSON generation date=Thu Mar 05 23:32:53 KST 2026 (1772721173054)
2026-03-27 05:49:01,166 [FATAL] Updater:351 - Updater called before beeing initialized
2026-03-27 05:49:01,207 [WARN] DetailPanel:346 - Failed to get advertising image, set to default
2026-03-27 05:49:01,320 [FATAL] Updater:351 - Updater called before beeing initialized
2026-03-27 05:49:01,322 [FATAL] Updater:351 - Updater called before beeing initialized
2026-03-27 05:49:01,322 [FATAL] Updater:351 - Updater called before beeing initialized
2026-03-27 05:49:01,322 [WARN] DetailPanel:346 - Failed to get advertising image, set to default
2026-03-27 05:49:01,323 [FATAL] Updater:351 - Updater called before beeing initialized
2026-03-27 05:49:01,396 [ERROR] Updater:1198 - MainUpdater not yet initialized. External WinMGr cannot be set.
2026-03-27 05:49:01,399 [INFO] Updater:1134 - Updater Version found : 6.15.0
2026-03-27 05:49:01,417 [INFO] ApplicationProperties:184 - Using Application install path: C:\ST\STM32CubeIDE_1.19.0\STM32CubeIDE\plugins\com.st.stm32cube.common.mx_6.15.0.202507011659
2026-03-27 05:49:01,838 [INFO] MainUpdater:2872 - connection check result : 10
2026-03-27 05:49:01,839 [INFO] MainUpdater:289 - Updater Check For Update Now.
2026-03-27 05:49:01,839 [INFO] MicroXplorer:498 - Change Database Version : DB.6.0.150
2026-03-27 05:49:01,846 [INFO] McuFinderGlobals:63 - Set McuFinder mode to 2 (CubeIDE integrated)
2026-03-27 05:49:01,847 [INFO] UserAuth:487 - Internet connection configuration mode: 1
2026-03-27 05:49:01,881 [INFO] JxBrowserEngine:152 - Initiate JxBrowser Engine with user profile folder
2026-03-27 05:49:02,073 [INFO] CheckServerUpdateThread:120 - End of CheckServer Thread
2026-03-27 05:49:03,348 [INFO] WebApp:169 - Instantiating new browser for Auth
2026-03-27 05:49:03,373 [WARN] PackLoader:240 - Cannot read IP mode file for STMicroelectronics.FP-SNS-MOTENVWB1.1.4.0
2026-03-27 05:49:03,445 [WARN] PackLoader:240 - Cannot read IP mode file for STMicroelectronics.FP-ATR-ASTRA1.2.0.2
2026-03-27 05:49:03,487 [WARN] PackLoader:240 - Cannot read IP mode file for STMicroelectronics.X-CUBE-SMBUS.2.1.0
2026-03-27 05:49:03,684 [WARN] PackLoader:240 - Cannot read IP mode file for STMicroelectronics.X-CUBE-AZRTOS-F7.1.1.0
2026-03-27 05:49:03,754 [WARN] PackLoader:240 - Cannot read IP mode file for WES.I-CUBE-Cesium.1.4.0
2026-03-27 05:49:04,037 [WARN] PackLoader:240 - Cannot read IP mode file for STMicroelectronics.X-CUBE-AZRTOS-H7.3.4.0
2026-03-27 05:49:04,080 [WARN] PackLoader:240 - Cannot read IP mode file for STMicroelectronics.X-CUBE-DISPLAY.3.0.0
2026-03-27 05:49:04,103 [WARN] PackLoader:240 - Cannot read IP mode file for STMicroelectronics.FP-SNS-MOTENVWB1.1.5.0
2026-03-27 05:49:04,113 [WARN] PackLoader:240 - Cannot read IP mode file for STMicroelectronics.X-CUBE-NFC10.1.0.0
2026-03-27 05:49:04,119 [WARN] PackLoader:240 - Cannot read IP mode file for STMicroelectronics.X-CUBE-ST60.1.1.0
2026-03-27 05:49:04,128 [WARN] PackLoader:240 - Cannot read IP mode file for emotas.I-CUBE-CANOPEN.1.3.0
2026-03-27 05:49:04,180 [WARN] PackLoader:240 - Cannot read IP mode file for STMicroelectronics.FP-SNS-STBOX1.2.1.0
2026-03-27 05:49:04,201 [WARN] PackLoader:240 - Cannot read IP mode file for STMicroelectronics.FP-SNS-SMARTAG2.1.2.0
2026-03-27 05:49:04,206 [WARN] PackLoader:240 - Cannot read IP mode file for STMicroelectronics.FP-SNS-FLIGHT1.5.1.0
2026-03-27 05:49:04,217 [INFO] LogOutputStream:77 - [STDOUT_REDIRECT] 1 : Invalid condition id : UX_CORESTACK_Condition cause : null
2026-03-27 05:49:04,219 [INFO] LogOutputStream:77 - [STDOUT_REDIRECT] 1 : Invalid condition id : UX_CORESTACK_Condition cause : null
2026-03-27 05:49:04,220 [INFO] LogOutputStream:77 - [STDOUT_REDIRECT] 1 : Invalid condition id : UX_CORESTACK_Condition cause : null
2026-03-27 05:49:04,224 [INFO] LogOutputStream:77 - [STDOUT_REDIRECT] 1 : Invalid condition id : UX_CORESTACK_Condition cause : null
2026-03-27 05:49:04,228 [INFO] LogOutputStream:77 - [STDOUT_REDIRECT] 1 : Invalid condition id : UX_CORESTACK_Condition cause : null
2026-03-27 05:49:04,230 [WARN] PackLoader:240 - Cannot read IP mode file for STMicroelectronics.X-CUBE-AZRTOS-WL.2.0.0
2026-03-27 05:49:04,289 [WARN] PackLoader:240 - Cannot read IP mode file for STMicroelectronics.X-CUBE-AZRTOS-H7RS.1.2.0
2026-03-27 05:49:04,305 [WARN] PackLoader:240 - Cannot read IP mode file for STMicroelectronics.X-CUBE-BLE2.3.3.0
2026-03-27 05:49:04,356 [WARN] PackLoader:240 - Cannot read IP mode file for Infineon.AIROC-Wi-Fi-Bluetooth-STM32.1.8.0
2026-03-27 05:49:04,369 [WARN] PackLoader:240 - Cannot read IP mode file for STMicroelectronics.X-CUBE-NFC9.1.0.0
2026-03-27 05:49:04,384 [WARN] PackLoader:240 - Cannot read IP mode file for STMicroelectronics.X-CUBE-BLE1.7.1.0
2026-03-27 05:49:04,390 [WARN] PackLoader:240 - Cannot read IP mode file for wolfSSL.I-CUBE-wolfMQTT.1.19.2
2026-03-27 05:49:04,409 [WARN] PackLoader:240 - Cannot read IP mode file for STMicroelectronics.X-CUBE-EEPRMA1.5.2.0
2026-03-27 05:49:04,414 [WARN] PackLoader:240 - Cannot read IP mode file for wolfSSL.I-CUBE-wolfSSL.5.8.4
2026-03-27 05:49:04,419 [WARN] PackLoader:240 - Cannot read IP mode file for Cesanta.I-CUBE-Mongoose.7.20.0
2026-03-27 05:49:04,427 [WARN] PackLoader:240 - Cannot read IP mode file for STMicroelectronics.X-CUBE-ST67W61.1.1.0
2026-03-27 05:49:04,479 [WARN] PackLoader:240 - Cannot read IP mode file for STMicroelectronics.X-CUBE-AZRTOS-G0.1.1.0
2026-03-27 05:49:04,538 [WARN] PackLoader:240 - Cannot read IP mode file for STMicroelectronics.X-CUBE-NFC4.3.0.0
2026-03-27 05:49:04,547 [WARN] PackLoader:240 - Cannot read IP mode file for EmbeddedOffice.I-CUBE-FS-RTOS.1.0.1
2026-03-27 05:49:04,553 [WARN] PackLoader:240 - Cannot read IP mode file for STMicroelectronics.X-CUBE-WB05N.2.0.0
2026-03-27 05:49:04,557 [WARN] PackLoader:240 - Cannot read IP mode file for wolfSSL.I-CUBE-wolfTPM.3.8.0
2026-03-27 05:49:04,619 [WARN] PackLoader:240 - Cannot read IP mode file for STMicroelectronics.X-CUBE-TCPP.4.2.0
2026-03-27 05:49:04,634 [WARN] PackLoader:240 - Cannot read IP mode file for RealThread.X-CUBE-RT-Thread_Nano.4.1.1
2026-03-27 05:49:04,654 [WARN] PackLoader:240 - Cannot read IP mode file for STMicroelectronics.FP-ATR-SIGFOX1.3.2.0
2026-03-27 05:49:04,666 [WARN] PackLoader:240 - Cannot read IP mode file for ITTIA_DB.I-CUBE-ITTIADB.8.9.0
2026-03-27 05:49:04,672 [WARN] PackLoader:240 - Cannot read IP mode file for STMicroelectronics.X-CUBE-NFC6.3.2.0
2026-03-27 05:49:04,684 [WARN] PackLoader:240 - Cannot read IP mode file for STMicroelectronics.X-CUBE-AI.10.2.0
2026-03-27 05:49:04,715 [WARN] PackLoader:240 - Cannot read IP mode file for SEGGER.I-CUBE-embOS.1.3.1
2026-03-27 05:49:04,830 [WARN] PackLoader:240 - Cannot read IP mode file for STMicroelectronics.X-CUBE-ALGOBUILD.1.4.0
2026-03-27 05:49:04,835 [WARN] PackLoader:240 - Cannot read IP mode file for STMicroelectronics.X-CUBE-PM33A1.1.0.0
2026-03-27 05:49:04,849 [WARN] PackLoader:240 - Cannot read IP mode file for STMicroelectronics.X-CUBE-AZRTOS-F4.1.1.0
2026-03-27 05:49:04,917 [WARN] PackLoader:240 - Cannot read IP mode file for STMicroelectronics.X-CUBE-ISPU.2.1.0
2026-03-27 05:49:04,927 [WARN] PackLoader:240 - Cannot read IP mode file for STMicroelectronics.X-CUBE-IPS.3.2.0
2026-03-27 05:49:04,939 [WARN] PackLoader:240 - Cannot read IP mode file for STMicroelectronics.X-CUBE-NFC12.1.0.0
2026-03-27 05:49:04,979 [WARN] PackLoader:240 - Cannot read IP mode file for STMicroelectronics.X-CUBE-AZRTOS-L5.2.0.0
2026-03-27 05:49:04,986 [WARN] PackLoader:240 - Cannot read IP mode file for STMicroelectronics.X-CUBE-NFC6.3.1.0
2026-03-27 05:49:04,996 [WARN] PackLoader:240 - Cannot read IP mode file for STMicroelectronics.X-CUBE-TOUCHGFX.4.26.0
2026-03-27 05:49:05,013 [WARN] PackLoader:240 - Cannot read IP mode file for STMicroelectronics.FP-SNS-STAIOTCFT.1.0.0
2026-03-27 05:49:05,020 [WARN] PackLoader:240 - Cannot read IP mode file for STMicroelectronics.X-CUBE-DPower.1.3.0
2026-03-27 05:49:05,055 [WARN] ConditionMgr:438 - getConditionDescription Invalid condition id : LAN8742 Phy interface Condition cause : null
2026-03-27 05:49:05,057 [WARN] PackLoader:240 - Cannot read IP mode file for STMicroelectronics.X-CUBE-AZRTOS-L4.2.0.0
2026-03-27 05:49:05,066 [WARN] ConditionMgr:1044 - genDependencies : Invalid condition id : LAN8742 Phy interface Condition cause : null
2026-03-27 05:49:05,066 [WARN] ConditionMgr:1044 - genDependencies : Invalid condition id : LAN8742 Phy interface Condition cause : null
2026-03-27 05:49:05,067 [WARN] ConditionMgr:1044 - genDependencies : Invalid condition id : LAN8742 Phy interface Condition cause : null
2026-03-27 05:49:05,089 [WARN] PackLoader:240 - Cannot read IP mode file for STMicroelectronics.X-CUBE-SFXS2LP1.4.0.0
2026-03-27 05:49:05,246 [WARN] PackLoader:240 - Cannot read IP mode file for STMicroelectronics.X-CUBE-ST67W61.1.2.0
2026-03-27 05:49:05,308 [WARN] PackLoader:240 - Cannot read IP mode file for STMicroelectronics.X-CUBE-BLEMGR.4.1.0
2026-03-27 05:49:05,346 [WARN] ConditionMgr:438 - getConditionDescription Invalid condition id : UX DEVICE CLASS RTOS Condition cause : null
2026-03-27 05:49:05,346 [WARN] ConditionMgr:438 - getConditionDescription Invalid condition id : UX DEVICE CLASS RTOS Condition cause : null
2026-03-27 05:49:05,349 [WARN] PackLoader:240 - Cannot read IP mode file for STMicroelectronics.X-CUBE-AZRTOS-WB.2.0.0
2026-03-27 05:49:05,350 [WARN] ConditionMgr:1044 - genDependencies : Invalid condition id : UX DEVICE CLASS RTOS Condition cause : null
2026-03-27 05:49:05,350 [WARN] ConditionMgr:1044 - genDependencies : Invalid condition id : UX DEVICE CLASS RTOS Condition cause : null
2026-03-27 05:49:05,350 [WARN] ConditionMgr:1044 - genDependencies : Invalid condition id : UX DEVICE CLASS RTOS Condition cause : null
2026-03-27 05:49:05,350 [WARN] ConditionMgr:1044 - genDependencies : Invalid condition id : UX DEVICE CLASS RTOS Condition cause : null
2026-03-27 05:49:05,350 [WARN] ConditionMgr:1044 - genDependencies : Invalid condition id : UX DEVICE CLASS RTOS Condition cause : null
2026-03-27 05:49:05,356 [WARN] ConditionMgr:438 - getConditionDescription Invalid condition id : Cortex-A Device cause : null
2026-03-27 05:49:05,385 [WARN] ConditionMgr:1044 - genDependencies : Invalid condition id : Cortex-A Device cause : null
2026-03-27 05:49:05,385 [WARN] ConditionMgr:1044 - genDependencies : Invalid condition id : Cortex-A Device cause : null
2026-03-27 05:49:05,385 [WARN] ConditionMgr:1044 - genDependencies : Invalid condition id : Cortex-A Device cause : null
2026-03-27 05:49:05,391 [WARN] PackLoader:240 - Cannot read IP mode file for STMicroelectronics.X-CUBE-STSE01.2.0.0
2026-03-27 05:49:05,402 [WARN] PackLoader:240 - Cannot read IP mode file for STMicroelectronics.X-CUBE-SUBG2.5.0.0
2026-03-27 05:49:05,416 [WARN] PackLoader:240 - Cannot read IP mode file for STMicroelectronics.X-CUBE-AZRTOS-G4.2.0.0
2026-03-27 05:49:05,460 [WARN] PackLoader:240 - Cannot read IP mode file for wolfSSL.I-CUBE-wolfSSH.1.4.20
2026-03-27 05:49:05,468 [WARN] PackLoader:240 - Cannot read IP mode file for STMicroelectronics.X-CUBE-NFC7.2.0.0
2026-03-27 05:49:05,472 [WARN] PackLoader:240 - Cannot read IP mode file for STMicroelectronics.X-CUBE-ALS.1.0.2
2026-03-27 05:49:05,479 [WARN] PackLoader:240 - Cannot read IP mode file for STMicroelectronics.X-CUBE-STSE01.1.0.0
2026-03-27 05:49:05,489 [WARN] PackLoader:240 - Cannot read IP mode file for STMicroelectronics.X-CUBE-TOF1.3.4.3
2026-03-27 05:49:05,497 [INFO] ThirdParty:978 - Integrity check success = true
2026-03-27 05:49:05,497 [INFO] IntegrityCheckThread:100 - exiting critical section [integrity check]
2026-03-27 05:49:05,497 [INFO] IntegrityCheckThread:103 - End integrity checks thread
2026-03-27 05:49:06,052 [INFO] WebApp:463 - Apply proxy settings
2026-03-27 05:49:06,053 [INFO] WebApp:548 - Chromium requires no authentication
2026-03-27 05:49:06,069 [INFO] WebApp:491 - Direct internet connection detected
2026-03-27 05:49:06,102 [INFO] WebApp:900 - Register for checkConnection events
2026-03-27 05:49:06,102 [INFO] WebApp:463 - Apply proxy settings
2026-03-27 05:49:06,102 [INFO] WebApp:548 - Chromium requires no authentication
2026-03-27 05:49:06,103 [INFO] WebApp:491 - Direct internet connection detected
2026-03-27 05:49:06,327 [INFO] WebApp:191 - Connection restablished
2026-03-27 05:49:06,415 [INFO] WebApp:225 - Starting web application
2026-03-27 05:49:06,415 [INFO] WebApp:593 - Web application path used C:\ST\STM32CubeIDE_1.19.0\STM32CubeIDE\plugins\com.st.stm32cube.common.mx_6.15.0.202507011659\db\plugins\mcufinder\reactClient1\index.html
2026-03-27 05:49:06,764 [INFO] UserAuth:487 - Internet connection configuration mode: 1
